#! /usr/bin/vvp
:ivl_version "0.9.7 " "(v0_9_7)";
:vpi_time_precision + 0;
:vpi_module "system";
:vpi_module "v2005_math";
:vpi_module "va_math";
S_0x1bd7300 .scope module, "pri32tb" "pri32tb" 2 2;
 .timescale 0 0;
v0x1c33810_0 .net "A", 0 0, L_0x1c4f620; 1 drivers
v0x1c338b0_0 .var "d", 31 0;
RS_0x7f08deab2588/0/0 .resolv tri, L_0x1c4fd80, L_0x1c50290, L_0x1c51b90, L_0x1c52600;
RS_0x7f08deab2588/0/4 .resolv tri, L_0x1c53a10, C4<zzzzz>, C4<zzzzz>, C4<zzzzz>;
RS_0x7f08deab2588 .resolv tri, RS_0x7f08deab2588/0/0, RS_0x7f08deab2588/0/4, C4<zzzzz>, C4<zzzzz>;
v0x1c33960_0 .net8 "out", 4 0, RS_0x7f08deab2588; 5 drivers
S_0x1bd7100 .scope module, "p0" "pri_enc32" 2 8, 3 3, S_0x1bd7300;
 .timescale 0 0;
L_0x1c4f6b0 .functor AND 1, L_0x1c4f440, L_0x1c4f760, C4<1>, C4<1>;
L_0x1c4f9b0 .functor AND 1, L_0x1c4f6b0, L_0x1c4f910, C4<1>, C4<1>;
L_0x1c4f620 .functor AND 1, L_0x1c4f9b0, L_0x1c4fab0, C4<1>, C4<1>;
L_0x1c4fc60 .functor NOT 1, L_0x1c4fe70, C4<0>, C4<0>, C4<0>;
L_0x1c50090 .functor NOT 1, L_0x1c4fff0, C4<0>, C4<0>, C4<0>;
L_0x1c50140 .functor OR 1, L_0x1c4fc60, L_0x1c50090, C4<0>, C4<0>;
L_0x1c50420 .functor NOT 1, L_0x1c4ff10, C4<0>, C4<0>, C4<0>;
L_0x1c50670 .functor NOT 1, L_0x1c50330, C4<0>, C4<0>, C4<0>;
L_0x1c50720 .functor AND 1, L_0x1c504d0, L_0x1c50670, C4<1>, C4<1>;
L_0x1c50820 .functor OR 1, L_0x1c50420, L_0x1c50720, C4<0>, C4<0>;
L_0x1c50610 .functor OR 1, L_0x1c50570, L_0x1c50c10, C4<0>, C4<0>;
L_0x1c50a70 .functor NOT 1, L_0x1c50610, C4<0>, C4<0>, C4<0>;
L_0x1c50970 .functor NOT 1, L_0x1c50cb0, C4<0>, C4<0>, C4<0>;
L_0x1c51100 .functor AND 1, L_0x1c50f30, L_0x1c50970, C4<1>, C4<1>;
L_0x1c51070 .functor NOT 1, L_0x1c50fd0, C4<0>, C4<0>, C4<0>;
L_0x1c512f0 .functor AND 1, L_0x1c51070, L_0x1c51540, C4<1>, C4<1>;
L_0x1c51680 .functor AND 1, L_0x1c51940, L_0x1c515e0, C4<1>, C4<1>;
L_0x1c51db0 .functor AND 1, L_0x1c519e0, L_0x1c51a80, C4<1>, C4<1>;
L_0x1c51780 .functor AND 1, L_0x1c51f50, L_0x1c51ff0, C4<1>, C4<1>;
L_0x1c51cd0 .functor OR 1, L_0x1c51db0, L_0x1c51780, C4<0>, C4<0>;
L_0x1c52090 .functor AND 1, L_0x1c51eb0, L_0x1c52320, C4<1>, C4<1>;
L_0x1c52190 .functor OR 1, L_0x1c51cd0, L_0x1c52090, C4<0>, C4<0>;
L_0x1c4f280 .functor AND 1, L_0x1c52270, L_0x1c527d0, C4<1>, C4<1>;
L_0x1c52410 .functor OR 1, L_0x1c52190, L_0x1c4f280, C4<0>, C4<0>;
L_0x1c52a20 .functor AND 1, L_0x1c52c00, L_0x1c52980, C4<1>, C4<1>;
L_0x1c52d40 .functor AND 1, L_0x1c52e60, L_0x1c52ca0, C4<1>, C4<1>;
L_0x1c52b30 .functor OR 1, L_0x1c52a20, L_0x1c52d40, C4<0>, C4<0>;
L_0x1c52fa0 .functor AND 1, L_0x1c53200, L_0x1c52f00, C4<1>, C4<1>;
L_0x1c530a0 .functor OR 1, L_0x1c52b30, L_0x1c52fa0, C4<0>, C4<0>;
L_0x1c53340 .functor AND 1, L_0x1c53570, L_0x1c532a0, C4<1>, C4<1>;
L_0x1c53440 .functor OR 1, L_0x1c530a0, L_0x1c53340, C4<0>, C4<0>;
L_0x1c53860 .functor AND 1, L_0x1c53720, L_0x1c537c0, C4<1>, C4<1>;
L_0x1c539b0 .functor AND 1, L_0x1c53910, L_0x1c53e20, C4<1>, C4<1>;
L_0x1c53b50 .functor OR 1, L_0x1c53860, L_0x1c539b0, C4<0>, C4<0>;
L_0x1c53c50 .functor AND 1, L_0x1c53d10, L_0x1c54200, C4<1>, C4<1>;
L_0x1c53f10 .functor OR 1, L_0x1c53b50, L_0x1c53c50, C4<0>, C4<0>;
L_0x1c4f150 .functor AND 1, L_0x1c54010, L_0x1c54600, C4<1>, C4<1>;
L_0x1c52910 .functor OR 1, L_0x1c53f10, L_0x1c4f150, C4<0>, C4<0>;
v0x1c2fb10_0 .alias "A", 0 0, v0x1c33810_0;
v0x1c2fbd0_0 .net *"_s100", 0 0, L_0x1c51100; 1 drivers
v0x1c300b0_0 .net *"_s105", 0 0, L_0x1c50fd0; 1 drivers
v0x1c30130_0 .net *"_s106", 0 0, L_0x1c51070; 1 drivers
v0x1c301b0_0 .net *"_s109", 0 0, L_0x1c51540; 1 drivers
v0x1c30250_0 .net *"_s110", 0 0, L_0x1c512f0; 1 drivers
v0x1c302f0_0 .net *"_s115", 0 0, L_0x1c51940; 1 drivers
v0x1c30390_0 .net *"_s117", 0 0, L_0x1c515e0; 1 drivers
v0x1c30430_0 .net *"_s118", 0 0, L_0x1c51680; 1 drivers
v0x1c304d0_0 .net *"_s123", 0 0, L_0x1c519e0; 1 drivers
v0x1c30570_0 .net *"_s125", 0 0, L_0x1c51a80; 1 drivers
v0x1c30610_0 .net *"_s126", 0 0, L_0x1c51db0; 1 drivers
v0x1c306b0_0 .net *"_s129", 0 0, L_0x1c51f50; 1 drivers
v0x1c30750_0 .net *"_s131", 0 0, L_0x1c51ff0; 1 drivers
v0x1c30870_0 .net *"_s132", 0 0, L_0x1c51780; 1 drivers
v0x1c30910_0 .net *"_s134", 0 0, L_0x1c51cd0; 1 drivers
v0x1c307d0_0 .net *"_s137", 0 0, L_0x1c51eb0; 1 drivers
v0x1c30a60_0 .net *"_s139", 0 0, L_0x1c52320; 1 drivers
v0x1c30b80_0 .net *"_s140", 0 0, L_0x1c52090; 1 drivers
v0x1c30c00_0 .net *"_s142", 0 0, L_0x1c52190; 1 drivers
v0x1c30ae0_0 .net *"_s145", 0 0, L_0x1c52270; 1 drivers
v0x1c30d30_0 .net *"_s147", 0 0, L_0x1c527d0; 1 drivers
v0x1c30c80_0 .net *"_s148", 0 0, L_0x1c4f280; 1 drivers
v0x1c30e70_0 .net *"_s150", 0 0, L_0x1c52410; 1 drivers
v0x1c30dd0_0 .net *"_s155", 0 0, L_0x1c52c00; 1 drivers
v0x1c30fc0_0 .net *"_s157", 0 0, L_0x1c52980; 1 drivers
v0x1c30f10_0 .net *"_s158", 0 0, L_0x1c52a20; 1 drivers
v0x1c31120_0 .net *"_s161", 0 0, L_0x1c52e60; 1 drivers
v0x1c31060_0 .net *"_s163", 0 0, L_0x1c52ca0; 1 drivers
v0x1c31290_0 .net *"_s164", 0 0, L_0x1c52d40; 1 drivers
v0x1c311a0_0 .net *"_s166", 0 0, L_0x1c52b30; 1 drivers
v0x1c31410_0 .net *"_s169", 0 0, L_0x1c53200; 1 drivers
v0x1c31310_0 .net *"_s171", 0 0, L_0x1c52f00; 1 drivers
v0x1c315a0_0 .net *"_s172", 0 0, L_0x1c52fa0; 1 drivers
v0x1c31490_0 .net *"_s174", 0 0, L_0x1c530a0; 1 drivers
v0x1c31740_0 .net *"_s177", 0 0, L_0x1c53570; 1 drivers
v0x1c31620_0 .net *"_s179", 0 0, L_0x1c532a0; 1 drivers
v0x1c316c0_0 .net *"_s180", 0 0, L_0x1c53340; 1 drivers
v0x1c31900_0 .net *"_s182", 0 0, L_0x1c53440; 1 drivers
v0x1c31980_0 .net *"_s187", 0 0, L_0x1c53720; 1 drivers
v0x1c317c0_0 .net *"_s189", 0 0, L_0x1c537c0; 1 drivers
v0x1c31860_0 .net *"_s190", 0 0, L_0x1c53860; 1 drivers
v0x1c31b60_0 .net *"_s193", 0 0, L_0x1c53910; 1 drivers
v0x1c31be0_0 .net *"_s195", 0 0, L_0x1c53e20; 1 drivers
v0x1c31a00_0 .net *"_s196", 0 0, L_0x1c539b0; 1 drivers
v0x1c31aa0_0 .net *"_s198", 0 0, L_0x1c53b50; 1 drivers
v0x1c31de0_0 .net *"_s201", 0 0, L_0x1c53d10; 1 drivers
v0x1c31e60_0 .net *"_s203", 0 0, L_0x1c54200; 1 drivers
v0x1c31c80_0 .net *"_s204", 0 0, L_0x1c53c50; 1 drivers
v0x1c31d20_0 .net *"_s206", 0 0, L_0x1c53f10; 1 drivers
v0x1c32080_0 .net *"_s209", 0 0, L_0x1c54010; 1 drivers
v0x1c32100_0 .net *"_s211", 0 0, L_0x1c54600; 1 drivers
v0x1c31f00_0 .net *"_s212", 0 0, L_0x1c4f150; 1 drivers
v0x1c31fa0_0 .net *"_s214", 0 0, L_0x1c52910; 1 drivers
v0x1c32340_0 .net *"_s41", 0 0, L_0x1c4f440; 1 drivers
v0x1c323c0_0 .net *"_s43", 0 0, L_0x1c4f760; 1 drivers
v0x1c32180_0 .net *"_s44", 0 0, L_0x1c4f6b0; 1 drivers
v0x1c32220_0 .net *"_s47", 0 0, L_0x1c4f910; 1 drivers
v0x1c322c0_0 .net *"_s48", 0 0, L_0x1c4f9b0; 1 drivers
v0x1c32640_0 .net *"_s51", 0 0, L_0x1c4fab0; 1 drivers
v0x1c32460_0 .net *"_s57", 0 0, L_0x1c4fe70; 1 drivers
v0x1c32500_0 .net *"_s58", 0 0, L_0x1c4fc60; 1 drivers
v0x1c325a0_0 .net *"_s61", 0 0, L_0x1c4fff0; 1 drivers
v0x1c328e0_0 .net *"_s62", 0 0, L_0x1c50090; 1 drivers
v0x1c326e0_0 .net *"_s64", 0 0, L_0x1c50140; 1 drivers
v0x1c32780_0 .net *"_s69", 0 0, L_0x1c4ff10; 1 drivers
v0x1c32820_0 .net *"_s70", 0 0, L_0x1c50420; 1 drivers
v0x1c32b80_0 .net *"_s73", 0 0, L_0x1c504d0; 1 drivers
v0x1c32980_0 .net *"_s75", 0 0, L_0x1c50330; 1 drivers
v0x1c32a20_0 .net *"_s76", 0 0, L_0x1c50670; 1 drivers
v0x1c32ac0_0 .net *"_s78", 0 0, L_0x1c50720; 1 drivers
v0x1c32e40_0 .net *"_s80", 0 0, L_0x1c50820; 1 drivers
v0x1c32c00_0 .net *"_s85", 0 0, L_0x1c50570; 1 drivers
v0x1c32ca0_0 .net *"_s87", 0 0, L_0x1c50c10; 1 drivers
v0x1c32d40_0 .net *"_s88", 0 0, L_0x1c50610; 1 drivers
v0x1c33120_0 .net *"_s90", 0 0, L_0x1c50a70; 1 drivers
v0x1c32ec0_0 .net *"_s95", 0 0, L_0x1c50f30; 1 drivers
v0x1c32f60_0 .net *"_s97", 0 0, L_0x1c50cb0; 1 drivers
v0x1c33000_0 .net *"_s98", 0 0, L_0x1c50970; 1 drivers
RS_0x7f08deab2528 .resolv tri, L_0x1c3a7d0, L_0x1c41790, L_0x1c48620, L_0x1c4f580;
v0x1c330a0_0 .net8 "a", 3 0, RS_0x7f08deab2528; 4 drivers
v0x1c33430_0 .net "d", 31 0, v0x1c338b0_0; 1 drivers
v0x1c334b0_0 .alias "out", 4 0, v0x1c33960_0;
RS_0x7f08deab25b8 .resolv tri, L_0x1c509d0, L_0x1c50e40, L_0x1c51250, L_0x1c51810;
v0x1c331c0_0 .net8 "p", 3 0, RS_0x7f08deab25b8; 4 drivers
RS_0x7f08deab25e8 .resolv tri, L_0x1c3a6e0, L_0x1c41650, L_0x1c484b0, L_0x1c4f4e0;
v0x1c33260_0 .net8 "x", 3 0, RS_0x7f08deab25e8; 4 drivers
RS_0x7f08deab2618 .resolv tri, L_0x1c3a5f0, L_0x1c414c0, L_0x1c483c0, L_0x1c4f310;
v0x1c33300_0 .net8 "y", 3 0, RS_0x7f08deab2618; 4 drivers
RS_0x7f08deab2648 .resolv tri, L_0x1c3a500, L_0x1c41380, L_0x1c482b0, L_0x1c4f1e0;
v0x1c333a0_0 .net8 "z", 3 0, RS_0x7f08deab2648; 4 drivers
L_0x1c3a030 .part v0x1c338b0_0, 0, 8;
L_0x1c3a500 .part/pv L_0x1c37de0, 0, 1, 4;
L_0x1c3a5f0 .part/pv L_0x1c38550, 0, 1, 4;
L_0x1c3a6e0 .part/pv L_0x1c38a00, 0, 1, 4;
L_0x1c3a7d0 .part/pv L_0x1c39f30, 0, 1, 4;
L_0x1c40f00 .part v0x1c338b0_0, 8, 8;
L_0x1c41380 .part/pv L_0x1c3ecb0, 1, 1, 4;
L_0x1c414c0 .part/pv L_0x1c3f420, 1, 1, 4;
L_0x1c41650 .part/pv L_0x1c3f8d0, 1, 1, 4;
L_0x1c41790 .part/pv L_0x1c40e00, 1, 1, 4;
L_0x1c47da0 .part v0x1c338b0_0, 16, 8;
L_0x1c482b0 .part/pv L_0x1c42dd0, 2, 1, 4;
L_0x1c483c0 .part/pv L_0x1c462d0, 2, 1, 4;
L_0x1c484b0 .part/pv L_0x1c46780, 2, 1, 4;
L_0x1c48620 .part/pv L_0x1c47ca0, 2, 1, 4;
L_0x1c4ecd0 .part v0x1c338b0_0, 24, 8;
L_0x1c4f1e0 .part/pv L_0x1c4ca30, 3, 1, 4;
L_0x1c4f310 .part/pv L_0x1c4d1a0, 3, 1, 4;
L_0x1c4f4e0 .part/pv L_0x1c4d650, 3, 1, 4;
L_0x1c4f580 .part/pv L_0x1c4ebd0, 3, 1, 4;
L_0x1c4f440 .part RS_0x7f08deab2528, 3, 1;
L_0x1c4f760 .part RS_0x7f08deab2528, 2, 1;
L_0x1c4f910 .part RS_0x7f08deab2528, 1, 1;
L_0x1c4fab0 .part RS_0x7f08deab2528, 0, 1;
L_0x1c4fd80 .part/pv L_0x1c50140, 4, 1, 5;
L_0x1c4fe70 .part RS_0x7f08deab2528, 3, 1;
L_0x1c4fff0 .part RS_0x7f08deab2528, 2, 1;
L_0x1c50290 .part/pv L_0x1c50820, 3, 1, 5;
L_0x1c4ff10 .part RS_0x7f08deab2528, 3, 1;
L_0x1c504d0 .part RS_0x7f08deab2528, 2, 1;
L_0x1c50330 .part RS_0x7f08deab2528, 1, 1;
L_0x1c509d0 .part/pv L_0x1c50a70, 0, 1, 4;
L_0x1c50570 .part RS_0x7f08deab2588, 4, 1;
L_0x1c50c10 .part RS_0x7f08deab2588, 3, 1;
L_0x1c50e40 .part/pv L_0x1c51100, 1, 1, 4;
L_0x1c50f30 .part RS_0x7f08deab2588, 3, 1;
L_0x1c50cb0 .part RS_0x7f08deab2588, 4, 1;
L_0x1c51250 .part/pv L_0x1c512f0, 2, 1, 4;
L_0x1c50fd0 .part RS_0x7f08deab2588, 3, 1;
L_0x1c51540 .part RS_0x7f08deab2588, 4, 1;
L_0x1c51810 .part/pv L_0x1c51680, 3, 1, 4;
L_0x1c51940 .part RS_0x7f08deab2588, 3, 1;
L_0x1c515e0 .part RS_0x7f08deab2588, 4, 1;
L_0x1c51b90 .part/pv L_0x1c52410, 2, 1, 5;
L_0x1c519e0 .part RS_0x7f08deab2648, 0, 1;
L_0x1c51a80 .part RS_0x7f08deab25b8, 0, 1;
L_0x1c51f50 .part RS_0x7f08deab2648, 1, 1;
L_0x1c51ff0 .part RS_0x7f08deab25b8, 1, 1;
L_0x1c51eb0 .part RS_0x7f08deab2648, 2, 1;
L_0x1c52320 .part RS_0x7f08deab25b8, 2, 1;
L_0x1c52270 .part RS_0x7f08deab2648, 3, 1;
L_0x1c527d0 .part RS_0x7f08deab25b8, 3, 1;
L_0x1c52600 .part/pv L_0x1c53440, 1, 1, 5;
L_0x1c52c00 .part RS_0x7f08deab2618, 0, 1;
L_0x1c52980 .part RS_0x7f08deab25b8, 0, 1;
L_0x1c52e60 .part RS_0x7f08deab2618, 1, 1;
L_0x1c52ca0 .part RS_0x7f08deab25b8, 1, 1;
L_0x1c53200 .part RS_0x7f08deab2618, 2, 1;
L_0x1c52f00 .part RS_0x7f08deab25b8, 2, 1;
L_0x1c53570 .part RS_0x7f08deab2618, 3, 1;
L_0x1c532a0 .part RS_0x7f08deab25b8, 3, 1;
L_0x1c53a10 .part/pv L_0x1c52910, 0, 1, 5;
L_0x1c53720 .part RS_0x7f08deab25e8, 0, 1;
L_0x1c537c0 .part RS_0x7f08deab25b8, 0, 1;
L_0x1c53910 .part RS_0x7f08deab25e8, 1, 1;
L_0x1c53e20 .part RS_0x7f08deab25b8, 1, 1;
L_0x1c53d10 .part RS_0x7f08deab25e8, 2, 1;
L_0x1c54200 .part RS_0x7f08deab25b8, 2, 1;
L_0x1c54010 .part RS_0x7f08deab25e8, 3, 1;
L_0x1c54600 .part RS_0x7f08deab25b8, 3, 1;
S_0x1c2ae10 .scope module, "p0" "pri_enc" 3 13, 4 1, S_0x1bd7100;
 .timescale 0 0;
L_0x1c26b80 .functor NOT 1, L_0x1c33b10, C4<0>, C4<0>, C4<0>;
L_0x1c33d00 .functor AND 1, L_0x1c26b80, L_0x1c33c10, C4<1>, C4<1>;
L_0x1c33fe0 .functor NOT 1, L_0x1c33f40, C4<0>, C4<0>, C4<0>;
L_0x1c341c0 .functor NOT 1, L_0x1c34090, C4<0>, C4<0>, C4<0>;
L_0x1c34220 .functor AND 1, L_0x1c33fe0, L_0x1c341c0, C4<1>, C4<1>;
L_0x1c343c0 .functor AND 1, L_0x1c34220, L_0x1c34320, C4<1>, C4<1>;
L_0x1c346e0 .functor NOT 1, L_0x1c34640, C4<0>, C4<0>, C4<0>;
L_0x1c34890 .functor NOT 1, L_0x1c34790, C4<0>, C4<0>, C4<0>;
L_0x1c34940 .functor AND 1, L_0x1c346e0, L_0x1c34890, C4<1>, C4<1>;
L_0x1c34130 .functor NOT 1, L_0x1c34a40, C4<0>, C4<0>, C4<0>;
L_0x1c34ca0 .functor AND 1, L_0x1c34940, L_0x1c34130, C4<1>, C4<1>;
L_0x1c34830 .functor AND 1, L_0x1c34ca0, L_0x1c34d50, C4<1>, C4<1>;
L_0x1c34c40 .functor NOT 1, L_0x1c35080, C4<0>, C4<0>, C4<0>;
L_0x1c35240 .functor NOT 1, L_0x1c351a0, C4<0>, C4<0>, C4<0>;
L_0x1c35370 .functor AND 1, L_0x1c34c40, L_0x1c35240, C4<1>, C4<1>;
L_0x1c355a0 .functor NOT 1, L_0x1c35470, C4<0>, C4<0>, C4<0>;
L_0x1c356e0 .functor AND 1, L_0x1c35370, L_0x1c355a0, C4<1>, C4<1>;
L_0x1c35880 .functor NOT 1, L_0x1c357e0, C4<0>, C4<0>, C4<0>;
L_0x1c35650 .functor AND 1, L_0x1c356e0, L_0x1c35880, C4<1>, C4<1>;
L_0x1c35510 .functor AND 1, L_0x1c35650, L_0x1c35a70, C4<1>, C4<1>;
L_0x1c35b10 .functor NOT 1, L_0x1c35d50, C4<0>, C4<0>, C4<0>;
L_0x1c34ae0 .functor NOT 1, L_0x1c35ef0, C4<0>, C4<0>, C4<0>;
L_0x1c34b90 .functor AND 1, L_0x1c35b10, L_0x1c34ae0, C4<1>, C4<1>;
L_0x1c35df0 .functor NOT 1, L_0x1c36260, C4<0>, C4<0>, C4<0>;
L_0x1c361a0 .functor AND 1, L_0x1c34b90, L_0x1c35df0, C4<1>, C4<1>;
L_0x1c36580 .functor NOT 1, L_0x1c364e0, C4<0>, C4<0>, C4<0>;
L_0x1c363c0 .functor AND 1, L_0x1c361a0, L_0x1c36580, C4<1>, C4<1>;
L_0x1c36300 .functor NOT 1, L_0x1c36760, C4<0>, C4<0>, C4<0>;
L_0x1c36630 .functor AND 1, L_0x1c363c0, L_0x1c36300, C4<1>, C4<1>;
L_0x1c36ab0 .functor AND 1, L_0x1c36630, L_0x1c36a10, C4<1>, C4<1>;
L_0x1c36de0 .functor NOT 1, L_0x1c36800, C4<0>, C4<0>, C4<0>;
L_0x1c36d00 .functor NOT 1, L_0x1c36e40, C4<0>, C4<0>, C4<0>;
L_0x1c36c00 .functor AND 1, L_0x1c36de0, L_0x1c36d00, C4<1>, C4<1>;
L_0x1c37180 .functor NOT 1, L_0x1c370e0, C4<0>, C4<0>, C4<0>;
L_0x1c36fd0 .functor AND 1, L_0x1c36c00, L_0x1c37180, C4<1>, C4<1>;
L_0x1c36ee0 .functor NOT 1, L_0x1c37350, C4<0>, C4<0>, C4<0>;
L_0x1c37230 .functor AND 1, L_0x1c36fd0, L_0x1c36ee0, C4<1>, C4<1>;
L_0x1c376c0 .functor NOT 1, L_0x1c37620, C4<0>, C4<0>, C4<0>;
L_0x1c374f0 .functor AND 1, L_0x1c37230, L_0x1c376c0, C4<1>, C4<1>;
L_0x1c373f0 .functor NOT 1, L_0x1c378b0, C4<0>, C4<0>, C4<0>;
L_0x1c37770 .functor AND 1, L_0x1c374f0, L_0x1c373f0, C4<1>, C4<1>;
L_0x1c37820 .functor AND 1, L_0x1c37770, L_0x1c37bb0, C4<1>, C4<1>;
L_0x1c37950 .functor OR 1, L_0x1c37a60, L_0x1c37b00, C4<0>, C4<0>;
L_0x1c34ff0 .functor OR 1, L_0x1c37950, L_0x1c37fc0, C4<0>, C4<0>;
L_0x1c37de0 .functor OR 1, L_0x1c34ff0, L_0x1c37d40, C4<0>, C4<0>;
L_0x1c38210 .functor OR 1, L_0x1c38410, L_0x1c38170, C4<0>, C4<0>;
L_0x1c38310 .functor OR 1, L_0x1c38210, L_0x1c38270, C4<0>, C4<0>;
L_0x1c38550 .functor OR 1, L_0x1c38310, L_0x1c384b0, C4<0>, C4<0>;
L_0x1c387d0 .functor OR 1, L_0x1c38690, L_0x1c38730, C4<0>, C4<0>;
L_0x1c388d0 .functor OR 1, L_0x1c387d0, L_0x1c38cf0, C4<0>, C4<0>;
L_0x1c38a00 .functor OR 1, L_0x1c388d0, L_0x1c38c30, C4<0>, C4<0>;
L_0x1c38b00 .functor NOT 1, L_0x1c390a0, C4<0>, C4<0>, C4<0>;
L_0x1c33ab0 .functor NOT 1, L_0x1c38de0, C4<0>, C4<0>, C4<0>;
L_0x1c26d20 .functor AND 1, L_0x1c38b00, L_0x1c33ab0, C4<1>, C4<1>;
L_0x1c39010 .functor NOT 1, L_0x1c392c0, C4<0>, C4<0>, C4<0>;
L_0x1c39360 .functor AND 1, L_0x1c26d20, L_0x1c39010, C4<1>, C4<1>;
L_0x1c391e0 .functor NOT 1, L_0x1c39140, C4<0>, C4<0>, C4<0>;
L_0x1c35f90 .functor AND 1, L_0x1c39360, L_0x1c391e0, C4<1>, C4<1>;
L_0x1c38e80 .functor NOT 1, L_0x1c36090, C4<0>, C4<0>, C4<0>;
L_0x1c38f30 .functor AND 1, L_0x1c35f90, L_0x1c38e80, C4<1>, C4<1>;
L_0x1c39920 .functor NOT 1, L_0x1c39880, C4<0>, C4<0>, C4<0>;
L_0x1c399d0 .functor AND 1, L_0x1c38f30, L_0x1c39920, C4<1>, C4<1>;
L_0x1c39cf0 .functor NOT 1, L_0x1c39c50, C4<0>, C4<0>, C4<0>;
L_0x1c39da0 .functor AND 1, L_0x1c399d0, L_0x1c39cf0, C4<1>, C4<1>;
L_0x1c39b70 .functor NOT 1, L_0x1c39ad0, C4<0>, C4<0>, C4<0>;
L_0x1c39f30 .functor AND 1, L_0x1c39da0, L_0x1c39b70, C4<1>, C4<1>;
v0x1c2af00_0 .net *"_s101", 0 0, L_0x1c36760; 1 drivers
v0x1c2b3f0_0 .net *"_s102", 0 0, L_0x1c36300; 1 drivers
v0x1c2b490_0 .net *"_s104", 0 0, L_0x1c36630; 1 drivers
v0x1c2b530_0 .net *"_s107", 0 0, L_0x1c36a10; 1 drivers
v0x1c2b5b0_0 .net *"_s108", 0 0, L_0x1c36ab0; 1 drivers
v0x1c2b650_0 .net *"_s113", 0 0, L_0x1c36800; 1 drivers
v0x1c2b6f0_0 .net *"_s114", 0 0, L_0x1c36de0; 1 drivers
v0x1c2b790_0 .net *"_s117", 0 0, L_0x1c36e40; 1 drivers
v0x1c2b830_0 .net *"_s118", 0 0, L_0x1c36d00; 1 drivers
v0x1c2b8d0_0 .net *"_s120", 0 0, L_0x1c36c00; 1 drivers
v0x1c2b970_0 .net *"_s123", 0 0, L_0x1c370e0; 1 drivers
v0x1c2ba10_0 .net *"_s124", 0 0, L_0x1c37180; 1 drivers
v0x1c2bab0_0 .net *"_s126", 0 0, L_0x1c36fd0; 1 drivers
v0x1c2bb50_0 .net *"_s129", 0 0, L_0x1c37350; 1 drivers
v0x1c2bc70_0 .net *"_s13", 0 0, L_0x1c33f40; 1 drivers
v0x1c2bd10_0 .net *"_s130", 0 0, L_0x1c36ee0; 1 drivers
v0x1c2bbd0_0 .net *"_s132", 0 0, L_0x1c37230; 1 drivers
v0x1c2be60_0 .net *"_s135", 0 0, L_0x1c37620; 1 drivers
v0x1c2bf80_0 .net *"_s136", 0 0, L_0x1c376c0; 1 drivers
v0x1c2c000_0 .net *"_s138", 0 0, L_0x1c374f0; 1 drivers
v0x1c2bee0_0 .net *"_s14", 0 0, L_0x1c33fe0; 1 drivers
v0x1c2c130_0 .net *"_s141", 0 0, L_0x1c378b0; 1 drivers
v0x1c2c080_0 .net *"_s142", 0 0, L_0x1c373f0; 1 drivers
v0x1c2c270_0 .net *"_s144", 0 0, L_0x1c37770; 1 drivers
v0x1c2c1d0_0 .net *"_s147", 0 0, L_0x1c37bb0; 1 drivers
v0x1c2c3c0_0 .net *"_s148", 0 0, L_0x1c37820; 1 drivers
v0x1c2c310_0 .net *"_s151", 0 0, L_0x1c37a60; 1 drivers
v0x1c2c520_0 .net *"_s153", 0 0, L_0x1c37b00; 1 drivers
v0x1c2c460_0 .net *"_s154", 0 0, L_0x1c37950; 1 drivers
v0x1c2c690_0 .net *"_s157", 0 0, L_0x1c37fc0; 1 drivers
v0x1c2c5a0_0 .net *"_s158", 0 0, L_0x1c34ff0; 1 drivers
v0x1c2c810_0 .net *"_s161", 0 0, L_0x1c37d40; 1 drivers
v0x1c2c710_0 .net *"_s165", 0 0, L_0x1c38410; 1 drivers
v0x1c2c9a0_0 .net *"_s167", 0 0, L_0x1c38170; 1 drivers
v0x1c2c890_0 .net *"_s168", 0 0, L_0x1c38210; 1 drivers
v0x1c2cb40_0 .net *"_s17", 0 0, L_0x1c34090; 1 drivers
v0x1c2ca20_0 .net *"_s171", 0 0, L_0x1c38270; 1 drivers
v0x1c2cac0_0 .net *"_s172", 0 0, L_0x1c38310; 1 drivers
v0x1c2cd00_0 .net *"_s175", 0 0, L_0x1c384b0; 1 drivers
v0x1c2cd80_0 .net *"_s179", 0 0, L_0x1c38690; 1 drivers
v0x1c2cbc0_0 .net *"_s18", 0 0, L_0x1c341c0; 1 drivers
v0x1c2cc60_0 .net *"_s181", 0 0, L_0x1c38730; 1 drivers
v0x1c2cf60_0 .net *"_s182", 0 0, L_0x1c387d0; 1 drivers
v0x1c2cfe0_0 .net *"_s185", 0 0, L_0x1c38cf0; 1 drivers
v0x1c2ce00_0 .net *"_s186", 0 0, L_0x1c388d0; 1 drivers
v0x1c2cea0_0 .net *"_s189", 0 0, L_0x1c38c30; 1 drivers
v0x1c2d1e0_0 .net *"_s193", 0 0, L_0x1c390a0; 1 drivers
v0x1c2d260_0 .net *"_s194", 0 0, L_0x1c38b00; 1 drivers
v0x1c2d080_0 .net *"_s197", 0 0, L_0x1c38de0; 1 drivers
v0x1c2d120_0 .net *"_s198", 0 0, L_0x1c33ab0; 1 drivers
v0x1c2d480_0 .net *"_s20", 0 0, L_0x1c34220; 1 drivers
v0x1c2d500_0 .net *"_s200", 0 0, L_0x1c26d20; 1 drivers
v0x1c2d300_0 .net *"_s203", 0 0, L_0x1c392c0; 1 drivers
v0x1c2d3a0_0 .net *"_s204", 0 0, L_0x1c39010; 1 drivers
v0x1c2d740_0 .net *"_s206", 0 0, L_0x1c39360; 1 drivers
v0x1c2d7c0_0 .net *"_s209", 0 0, L_0x1c39140; 1 drivers
v0x1c2d580_0 .net *"_s210", 0 0, L_0x1c391e0; 1 drivers
v0x1c2d620_0 .net *"_s212", 0 0, L_0x1c35f90; 1 drivers
v0x1c2d6c0_0 .net *"_s215", 0 0, L_0x1c36090; 1 drivers
v0x1c2da40_0 .net *"_s216", 0 0, L_0x1c38e80; 1 drivers
v0x1c2d860_0 .net *"_s218", 0 0, L_0x1c38f30; 1 drivers
v0x1c2d900_0 .net *"_s221", 0 0, L_0x1c39880; 1 drivers
v0x1c2d9a0_0 .net *"_s222", 0 0, L_0x1c39920; 1 drivers
v0x1c2dce0_0 .net *"_s224", 0 0, L_0x1c399d0; 1 drivers
v0x1c2dae0_0 .net *"_s227", 0 0, L_0x1c39c50; 1 drivers
v0x1c2db80_0 .net *"_s228", 0 0, L_0x1c39cf0; 1 drivers
v0x1c2dc20_0 .net *"_s23", 0 0, L_0x1c34320; 1 drivers
v0x1c2df80_0 .net *"_s230", 0 0, L_0x1c39da0; 1 drivers
v0x1c2dd80_0 .net *"_s233", 0 0, L_0x1c39ad0; 1 drivers
v0x1c2de20_0 .net *"_s234", 0 0, L_0x1c39b70; 1 drivers
v0x1c2dec0_0 .net *"_s24", 0 0, L_0x1c343c0; 1 drivers
v0x1c2e240_0 .net *"_s29", 0 0, L_0x1c34640; 1 drivers
v0x1c2e000_0 .net *"_s3", 0 0, L_0x1c33b10; 1 drivers
v0x1c2e0a0_0 .net *"_s30", 0 0, L_0x1c346e0; 1 drivers
v0x1c2e140_0 .net *"_s33", 0 0, L_0x1c34790; 1 drivers
v0x1c2e520_0 .net *"_s34", 0 0, L_0x1c34890; 1 drivers
v0x1c2e2c0_0 .net *"_s36", 0 0, L_0x1c34940; 1 drivers
v0x1c2e360_0 .net *"_s39", 0 0, L_0x1c34a40; 1 drivers
v0x1c2e400_0 .net *"_s4", 0 0, L_0x1c26b80; 1 drivers
v0x1c2e4a0_0 .net *"_s40", 0 0, L_0x1c34130; 1 drivers
v0x1c2e830_0 .net *"_s42", 0 0, L_0x1c34ca0; 1 drivers
v0x1c2e8b0_0 .net *"_s45", 0 0, L_0x1c34d50; 1 drivers
v0x1c2e5c0_0 .net *"_s46", 0 0, L_0x1c34830; 1 drivers
v0x1c2e660_0 .net *"_s51", 0 0, L_0x1c35080; 1 drivers
v0x1c2e700_0 .net *"_s52", 0 0, L_0x1c34c40; 1 drivers
v0x1c2e7a0_0 .net *"_s55", 0 0, L_0x1c351a0; 1 drivers
v0x1c2ec10_0 .net *"_s56", 0 0, L_0x1c35240; 1 drivers
v0x1c2ecb0_0 .net *"_s58", 0 0, L_0x1c35370; 1 drivers
v0x1c2e950_0 .net *"_s61", 0 0, L_0x1c35470; 1 drivers
v0x1c2e9f0_0 .net *"_s62", 0 0, L_0x1c355a0; 1 drivers
v0x1c2ea90_0 .net *"_s64", 0 0, L_0x1c356e0; 1 drivers
v0x1c2eb30_0 .net *"_s67", 0 0, L_0x1c357e0; 1 drivers
v0x1c2f020_0 .net *"_s68", 0 0, L_0x1c35880; 1 drivers
v0x1c2f0a0_0 .net *"_s7", 0 0, L_0x1c33c10; 1 drivers
v0x1c2ed50_0 .net *"_s70", 0 0, L_0x1c35650; 1 drivers
v0x1c2edf0_0 .net *"_s73", 0 0, L_0x1c35a70; 1 drivers
v0x1c2ee90_0 .net *"_s74", 0 0, L_0x1c35510; 1 drivers
v0x1c2ef30_0 .net *"_s79", 0 0, L_0x1c35d50; 1 drivers
v0x1c2f440_0 .net *"_s8", 0 0, L_0x1c33d00; 1 drivers
v0x1c2f4c0_0 .net *"_s80", 0 0, L_0x1c35b10; 1 drivers
v0x1c2f120_0 .net *"_s83", 0 0, L_0x1c35ef0; 1 drivers
v0x1c2f1c0_0 .net *"_s84", 0 0, L_0x1c34ae0; 1 drivers
v0x1c2f260_0 .net *"_s86", 0 0, L_0x1c34b90; 1 drivers
v0x1c2f300_0 .net *"_s89", 0 0, L_0x1c36260; 1 drivers
v0x1c2f3a0_0 .net *"_s90", 0 0, L_0x1c35df0; 1 drivers
v0x1c2f890_0 .net *"_s92", 0 0, L_0x1c361a0; 1 drivers
v0x1c2f560_0 .net *"_s95", 0 0, L_0x1c364e0; 1 drivers
v0x1c2f600_0 .net *"_s96", 0 0, L_0x1c36580; 1 drivers
v0x1c2f6a0_0 .net *"_s98", 0 0, L_0x1c363c0; 1 drivers
v0x1c2f740_0 .net "a", 0 0, L_0x1c39f30; 1 drivers
v0x1c2f7e0_0 .net "d", 7 0, L_0x1c3a030; 1 drivers
RS_0x7f08deab1598/0/0 .resolv tri, L_0x1c33a10, L_0x1c33e50, L_0x1c34550, L_0x1c34f50;
RS_0x7f08deab1598/0/4 .resolv tri, L_0x1c35930, L_0x1c368d0, C4<zzzzzz>, C4<zzzzzz>;
RS_0x7f08deab1598 .resolv tri, RS_0x7f08deab1598/0/0, RS_0x7f08deab1598/0/4, C4<zzzzzz>, C4<zzzzzz>;
v0x1c2fc90_0 .net8 "k", 5 0, RS_0x7f08deab1598; 6 drivers
v0x1c2f930_0 .net "x", 0 0, L_0x1c38a00; 1 drivers
v0x1c2f9d0_0 .net "y", 0 0, L_0x1c38550; 1 drivers
v0x1c2fa70_0 .net "z", 0 0, L_0x1c37de0; 1 drivers
L_0x1c33a10 .part/pv L_0x1c33d00, 0, 1, 6;
L_0x1c33b10 .part L_0x1c3a030, 7, 1;
L_0x1c33c10 .part L_0x1c3a030, 6, 1;
L_0x1c33e50 .part/pv L_0x1c343c0, 1, 1, 6;
L_0x1c33f40 .part L_0x1c3a030, 7, 1;
L_0x1c34090 .part L_0x1c3a030, 6, 1;
L_0x1c34320 .part L_0x1c3a030, 5, 1;
L_0x1c34550 .part/pv L_0x1c34830, 2, 1, 6;
L_0x1c34640 .part L_0x1c3a030, 7, 1;
L_0x1c34790 .part L_0x1c3a030, 6, 1;
L_0x1c34a40 .part L_0x1c3a030, 5, 1;
L_0x1c34d50 .part L_0x1c3a030, 4, 1;
L_0x1c34f50 .part/pv L_0x1c35510, 3, 1, 6;
L_0x1c35080 .part L_0x1c3a030, 7, 1;
L_0x1c351a0 .part L_0x1c3a030, 6, 1;
L_0x1c35470 .part L_0x1c3a030, 5, 1;
L_0x1c357e0 .part L_0x1c3a030, 4, 1;
L_0x1c35a70 .part L_0x1c3a030, 3, 1;
L_0x1c35930 .part/pv L_0x1c36ab0, 4, 1, 6;
L_0x1c35d50 .part L_0x1c3a030, 7, 1;
L_0x1c35ef0 .part L_0x1c3a030, 6, 1;
L_0x1c36260 .part L_0x1c3a030, 5, 1;
L_0x1c364e0 .part L_0x1c3a030, 4, 1;
L_0x1c36760 .part L_0x1c3a030, 3, 1;
L_0x1c36a10 .part L_0x1c3a030, 2, 1;
L_0x1c368d0 .part/pv L_0x1c37820, 5, 1, 6;
L_0x1c36800 .part L_0x1c3a030, 7, 1;
L_0x1c36e40 .part L_0x1c3a030, 6, 1;
L_0x1c370e0 .part L_0x1c3a030, 5, 1;
L_0x1c37350 .part L_0x1c3a030, 4, 1;
L_0x1c37620 .part L_0x1c3a030, 3, 1;
L_0x1c378b0 .part L_0x1c3a030, 2, 1;
L_0x1c37bb0 .part L_0x1c3a030, 1, 1;
L_0x1c37a60 .part L_0x1c3a030, 7, 1;
L_0x1c37b00 .part RS_0x7f08deab1598, 0, 1;
L_0x1c37fc0 .part RS_0x7f08deab1598, 1, 1;
L_0x1c37d40 .part RS_0x7f08deab1598, 2, 1;
L_0x1c38410 .part L_0x1c3a030, 7, 1;
L_0x1c38170 .part RS_0x7f08deab1598, 0, 1;
L_0x1c38270 .part RS_0x7f08deab1598, 4, 1;
L_0x1c384b0 .part RS_0x7f08deab1598, 3, 1;
L_0x1c38690 .part L_0x1c3a030, 7, 1;
L_0x1c38730 .part RS_0x7f08deab1598, 1, 1;
L_0x1c38cf0 .part RS_0x7f08deab1598, 3, 1;
L_0x1c38c30 .part RS_0x7f08deab1598, 5, 1;
L_0x1c390a0 .part L_0x1c3a030, 7, 1;
L_0x1c38de0 .part L_0x1c3a030, 6, 1;
L_0x1c392c0 .part L_0x1c3a030, 5, 1;
L_0x1c39140 .part L_0x1c3a030, 4, 1;
L_0x1c36090 .part L_0x1c3a030, 3, 1;
L_0x1c39880 .part L_0x1c3a030, 2, 1;
L_0x1c39c50 .part L_0x1c3a030, 1, 1;
L_0x1c39ad0 .part L_0x1c3a030, 0, 1;
S_0x1c26090 .scope module, "p1" "pri_enc" 3 14, 4 1, S_0x1bd7100;
 .timescale 0 0;
L_0x1c3aa00 .functor NOT 1, L_0x1c3a960, C4<0>, C4<0>, C4<0>;
L_0x1c3aba0 .functor AND 1, L_0x1c3aa00, L_0x1c3aab0, C4<1>, C4<1>;
L_0x1c3ae80 .functor NOT 1, L_0x1c3ade0, C4<0>, C4<0>, C4<0>;
L_0x1c3b060 .functor NOT 1, L_0x1c3af30, C4<0>, C4<0>, C4<0>;
L_0x1c3b0c0 .functor AND 1, L_0x1c3ae80, L_0x1c3b060, C4<1>, C4<1>;
L_0x1c3b260 .functor AND 1, L_0x1c3b0c0, L_0x1c3b1c0, C4<1>, C4<1>;
L_0x1c3b540 .functor NOT 1, L_0x1c3b4a0, C4<0>, C4<0>, C4<0>;
L_0x1c3b6f0 .functor NOT 1, L_0x1c3b5f0, C4<0>, C4<0>, C4<0>;
L_0x1c3b7a0 .functor AND 1, L_0x1c3b540, L_0x1c3b6f0, C4<1>, C4<1>;
L_0x1c3afd0 .functor NOT 1, L_0x1c3b8a0, C4<0>, C4<0>, C4<0>;
L_0x1c3bb00 .functor AND 1, L_0x1c3b7a0, L_0x1c3afd0, C4<1>, C4<1>;
L_0x1c3b690 .functor AND 1, L_0x1c3bb00, L_0x1c3bbb0, C4<1>, C4<1>;
L_0x1c3baa0 .functor NOT 1, L_0x1c3bf50, C4<0>, C4<0>, C4<0>;
L_0x1c3c110 .functor NOT 1, L_0x1c3c070, C4<0>, C4<0>, C4<0>;
L_0x1c3c240 .functor AND 1, L_0x1c3baa0, L_0x1c3c110, C4<1>, C4<1>;
L_0x1c3c470 .functor NOT 1, L_0x1c3c340, C4<0>, C4<0>, C4<0>;
L_0x1c3c5b0 .functor AND 1, L_0x1c3c240, L_0x1c3c470, C4<1>, C4<1>;
L_0x1c3c750 .functor NOT 1, L_0x1c3c6b0, C4<0>, C4<0>, C4<0>;
L_0x1c3c520 .functor AND 1, L_0x1c3c5b0, L_0x1c3c750, C4<1>, C4<1>;
L_0x1c3c3e0 .functor AND 1, L_0x1c3c520, L_0x1c3c940, C4<1>, C4<1>;
L_0x1c3c9e0 .functor NOT 1, L_0x1c3cc20, C4<0>, C4<0>, C4<0>;
L_0x1c3b940 .functor NOT 1, L_0x1c3cdc0, C4<0>, C4<0>, C4<0>;
L_0x1c3b9f0 .functor AND 1, L_0x1c3c9e0, L_0x1c3b940, C4<1>, C4<1>;
L_0x1c3ccc0 .functor NOT 1, L_0x1c3d130, C4<0>, C4<0>, C4<0>;
L_0x1c3d070 .functor AND 1, L_0x1c3b9f0, L_0x1c3ccc0, C4<1>, C4<1>;
L_0x1c3d450 .functor NOT 1, L_0x1c3d3b0, C4<0>, C4<0>, C4<0>;
L_0x1c3d290 .functor AND 1, L_0x1c3d070, L_0x1c3d450, C4<1>, C4<1>;
L_0x1c3d1d0 .functor NOT 1, L_0x1c3d630, C4<0>, C4<0>, C4<0>;
L_0x1c3d500 .functor AND 1, L_0x1c3d290, L_0x1c3d1d0, C4<1>, C4<1>;
L_0x1c3d980 .functor AND 1, L_0x1c3d500, L_0x1c3d8e0, C4<1>, C4<1>;
L_0x1c3dcb0 .functor NOT 1, L_0x1c3d6d0, C4<0>, C4<0>, C4<0>;
L_0x1c3dbd0 .functor NOT 1, L_0x1c3dd10, C4<0>, C4<0>, C4<0>;
L_0x1c3dad0 .functor AND 1, L_0x1c3dcb0, L_0x1c3dbd0, C4<1>, C4<1>;
L_0x1c3e050 .functor NOT 1, L_0x1c3dfb0, C4<0>, C4<0>, C4<0>;
L_0x1c3dea0 .functor AND 1, L_0x1c3dad0, L_0x1c3e050, C4<1>, C4<1>;
L_0x1c3ddb0 .functor NOT 1, L_0x1c3e220, C4<0>, C4<0>, C4<0>;
L_0x1c3e100 .functor AND 1, L_0x1c3dea0, L_0x1c3ddb0, C4<1>, C4<1>;
L_0x1c3e590 .functor NOT 1, L_0x1c3e4f0, C4<0>, C4<0>, C4<0>;
L_0x1c3e3c0 .functor AND 1, L_0x1c3e100, L_0x1c3e590, C4<1>, C4<1>;
L_0x1c3e2c0 .functor NOT 1, L_0x1c3e780, C4<0>, C4<0>, C4<0>;
L_0x1c3e640 .functor AND 1, L_0x1c3e3c0, L_0x1c3e2c0, C4<1>, C4<1>;
L_0x1c3e6f0 .functor AND 1, L_0x1c3e640, L_0x1c3ea80, C4<1>, C4<1>;
L_0x1c3e820 .functor OR 1, L_0x1c3e930, L_0x1c3e9d0, C4<0>, C4<0>;
L_0x1c3bec0 .functor OR 1, L_0x1c3e820, L_0x1c3ee90, C4<0>, C4<0>;
L_0x1c3ecb0 .functor OR 1, L_0x1c3bec0, L_0x1c3ec10, C4<0>, C4<0>;
L_0x1c3f0e0 .functor OR 1, L_0x1c3f2e0, L_0x1c3f040, C4<0>, C4<0>;
L_0x1c3f1e0 .functor OR 1, L_0x1c3f0e0, L_0x1c3f140, C4<0>, C4<0>;
L_0x1c3f420 .functor OR 1, L_0x1c3f1e0, L_0x1c3f380, C4<0>, C4<0>;
L_0x1c3f6a0 .functor OR 1, L_0x1c3f560, L_0x1c3f600, C4<0>, C4<0>;
L_0x1c3f7a0 .functor OR 1, L_0x1c3f6a0, L_0x1c3fbc0, C4<0>, C4<0>;
L_0x1c3f8d0 .functor OR 1, L_0x1c3f7a0, L_0x1c3fb00, C4<0>, C4<0>;
L_0x1c3f9d0 .functor NOT 1, L_0x1c3ff70, C4<0>, C4<0>, C4<0>;
L_0x1c25550 .functor NOT 1, L_0x1c3fcb0, C4<0>, C4<0>, C4<0>;
L_0x1c3bc50 .functor AND 1, L_0x1c3f9d0, L_0x1c25550, C4<1>, C4<1>;
L_0x1c3fee0 .functor NOT 1, L_0x1c40190, C4<0>, C4<0>, C4<0>;
L_0x1c40230 .functor AND 1, L_0x1c3bc50, L_0x1c3fee0, C4<1>, C4<1>;
L_0x1c400b0 .functor NOT 1, L_0x1c40010, C4<0>, C4<0>, C4<0>;
L_0x1c3ce60 .functor AND 1, L_0x1c40230, L_0x1c400b0, C4<1>, C4<1>;
L_0x1c3fd50 .functor NOT 1, L_0x1c3cf60, C4<0>, C4<0>, C4<0>;
L_0x1c3fe00 .functor AND 1, L_0x1c3ce60, L_0x1c3fd50, C4<1>, C4<1>;
L_0x1c407f0 .functor NOT 1, L_0x1c40750, C4<0>, C4<0>, C4<0>;
L_0x1c408a0 .functor AND 1, L_0x1c3fe00, L_0x1c407f0, C4<1>, C4<1>;
L_0x1c40bc0 .functor NOT 1, L_0x1c40b20, C4<0>, C4<0>, C4<0>;
L_0x1c40c70 .functor AND 1, L_0x1c408a0, L_0x1c40bc0, C4<1>, C4<1>;
L_0x1c40a40 .functor NOT 1, L_0x1c409a0, C4<0>, C4<0>, C4<0>;
L_0x1c40e00 .functor AND 1, L_0x1c40c70, L_0x1c40a40, C4<1>, C4<1>;
v0x1c26180_0 .net *"_s101", 0 0, L_0x1c3d630; 1 drivers
v0x1c26650_0 .net *"_s102", 0 0, L_0x1c3d1d0; 1 drivers
v0x1c266d0_0 .net *"_s104", 0 0, L_0x1c3d500; 1 drivers
v0x1c26750_0 .net *"_s107", 0 0, L_0x1c3d8e0; 1 drivers
v0x1c267d0_0 .net *"_s108", 0 0, L_0x1c3d980; 1 drivers
v0x1c26850_0 .net *"_s113", 0 0, L_0x1c3d6d0; 1 drivers
v0x1c268d0_0 .net *"_s114", 0 0, L_0x1c3dcb0; 1 drivers
v0x1c26970_0 .net *"_s117", 0 0, L_0x1c3dd10; 1 drivers
v0x1c26a60_0 .net *"_s118", 0 0, L_0x1c3dbd0; 1 drivers
v0x1c26b00_0 .net *"_s120", 0 0, L_0x1c3dad0; 1 drivers
v0x1c26c00_0 .net *"_s123", 0 0, L_0x1c3dfb0; 1 drivers
v0x1c26ca0_0 .net *"_s124", 0 0, L_0x1c3e050; 1 drivers
v0x1c26db0_0 .net *"_s126", 0 0, L_0x1c3dea0; 1 drivers
v0x1c26e50_0 .net *"_s129", 0 0, L_0x1c3e220; 1 drivers
v0x1c26f70_0 .net *"_s13", 0 0, L_0x1c3ade0; 1 drivers
v0x1c27010_0 .net *"_s130", 0 0, L_0x1c3ddb0; 1 drivers
v0x1c26ed0_0 .net *"_s132", 0 0, L_0x1c3e100; 1 drivers
v0x1c27160_0 .net *"_s135", 0 0, L_0x1c3e4f0; 1 drivers
v0x1c27280_0 .net *"_s136", 0 0, L_0x1c3e590; 1 drivers
v0x1c27300_0 .net *"_s138", 0 0, L_0x1c3e3c0; 1 drivers
v0x1c271e0_0 .net *"_s14", 0 0, L_0x1c3ae80; 1 drivers
v0x1c27430_0 .net *"_s141", 0 0, L_0x1c3e780; 1 drivers
v0x1c27380_0 .net *"_s142", 0 0, L_0x1c3e2c0; 1 drivers
v0x1c27570_0 .net *"_s144", 0 0, L_0x1c3e640; 1 drivers
v0x1c274d0_0 .net *"_s147", 0 0, L_0x1c3ea80; 1 drivers
v0x1c276c0_0 .net *"_s148", 0 0, L_0x1c3e6f0; 1 drivers
v0x1c27610_0 .net *"_s151", 0 0, L_0x1c3e930; 1 drivers
v0x1c27820_0 .net *"_s153", 0 0, L_0x1c3e9d0; 1 drivers
v0x1c27760_0 .net *"_s154", 0 0, L_0x1c3e820; 1 drivers
v0x1c27990_0 .net *"_s157", 0 0, L_0x1c3ee90; 1 drivers
v0x1c278a0_0 .net *"_s158", 0 0, L_0x1c3bec0; 1 drivers
v0x1c27b10_0 .net *"_s161", 0 0, L_0x1c3ec10; 1 drivers
v0x1c27a10_0 .net *"_s165", 0 0, L_0x1c3f2e0; 1 drivers
v0x1c27ca0_0 .net *"_s167", 0 0, L_0x1c3f040; 1 drivers
v0x1c27b90_0 .net *"_s168", 0 0, L_0x1c3f0e0; 1 drivers
v0x1c27e40_0 .net *"_s17", 0 0, L_0x1c3af30; 1 drivers
v0x1c27d20_0 .net *"_s171", 0 0, L_0x1c3f140; 1 drivers
v0x1c27dc0_0 .net *"_s172", 0 0, L_0x1c3f1e0; 1 drivers
v0x1c28000_0 .net *"_s175", 0 0, L_0x1c3f380; 1 drivers
v0x1c28080_0 .net *"_s179", 0 0, L_0x1c3f560; 1 drivers
v0x1c27ec0_0 .net *"_s18", 0 0, L_0x1c3b060; 1 drivers
v0x1c27f60_0 .net *"_s181", 0 0, L_0x1c3f600; 1 drivers
v0x1c28260_0 .net *"_s182", 0 0, L_0x1c3f6a0; 1 drivers
v0x1c282e0_0 .net *"_s185", 0 0, L_0x1c3fbc0; 1 drivers
v0x1c28100_0 .net *"_s186", 0 0, L_0x1c3f7a0; 1 drivers
v0x1c281a0_0 .net *"_s189", 0 0, L_0x1c3fb00; 1 drivers
v0x1c284e0_0 .net *"_s193", 0 0, L_0x1c3ff70; 1 drivers
v0x1c28560_0 .net *"_s194", 0 0, L_0x1c3f9d0; 1 drivers
v0x1c28380_0 .net *"_s197", 0 0, L_0x1c3fcb0; 1 drivers
v0x1c28420_0 .net *"_s198", 0 0, L_0x1c25550; 1 drivers
v0x1c28780_0 .net *"_s20", 0 0, L_0x1c3b0c0; 1 drivers
v0x1c28800_0 .net *"_s200", 0 0, L_0x1c3bc50; 1 drivers
v0x1c28600_0 .net *"_s203", 0 0, L_0x1c40190; 1 drivers
v0x1c286a0_0 .net *"_s204", 0 0, L_0x1c3fee0; 1 drivers
v0x1c28a40_0 .net *"_s206", 0 0, L_0x1c40230; 1 drivers
v0x1c28ac0_0 .net *"_s209", 0 0, L_0x1c40010; 1 drivers
v0x1c28880_0 .net *"_s210", 0 0, L_0x1c400b0; 1 drivers
v0x1c28920_0 .net *"_s212", 0 0, L_0x1c3ce60; 1 drivers
v0x1c289c0_0 .net *"_s215", 0 0, L_0x1c3cf60; 1 drivers
v0x1c28d40_0 .net *"_s216", 0 0, L_0x1c3fd50; 1 drivers
v0x1c28b60_0 .net *"_s218", 0 0, L_0x1c3fe00; 1 drivers
v0x1c28c00_0 .net *"_s221", 0 0, L_0x1c40750; 1 drivers
v0x1c28ca0_0 .net *"_s222", 0 0, L_0x1c407f0; 1 drivers
v0x1c28fe0_0 .net *"_s224", 0 0, L_0x1c408a0; 1 drivers
v0x1c28de0_0 .net *"_s227", 0 0, L_0x1c40b20; 1 drivers
v0x1c28e80_0 .net *"_s228", 0 0, L_0x1c40bc0; 1 drivers
v0x1c28f20_0 .net *"_s23", 0 0, L_0x1c3b1c0; 1 drivers
v0x1c29280_0 .net *"_s230", 0 0, L_0x1c40c70; 1 drivers
v0x1c29080_0 .net *"_s233", 0 0, L_0x1c409a0; 1 drivers
v0x1c29120_0 .net *"_s234", 0 0, L_0x1c40a40; 1 drivers
v0x1c291c0_0 .net *"_s24", 0 0, L_0x1c3b260; 1 drivers
v0x1c29540_0 .net *"_s29", 0 0, L_0x1c3b4a0; 1 drivers
v0x1c29300_0 .net *"_s3", 0 0, L_0x1c3a960; 1 drivers
v0x1c293a0_0 .net *"_s30", 0 0, L_0x1c3b540; 1 drivers
v0x1c29440_0 .net *"_s33", 0 0, L_0x1c3b5f0; 1 drivers
v0x1c29820_0 .net *"_s34", 0 0, L_0x1c3b6f0; 1 drivers
v0x1c295c0_0 .net *"_s36", 0 0, L_0x1c3b7a0; 1 drivers
v0x1c29660_0 .net *"_s39", 0 0, L_0x1c3b8a0; 1 drivers
v0x1c29700_0 .net *"_s4", 0 0, L_0x1c3aa00; 1 drivers
v0x1c297a0_0 .net *"_s40", 0 0, L_0x1c3afd0; 1 drivers
v0x1c29b30_0 .net *"_s42", 0 0, L_0x1c3bb00; 1 drivers
v0x1c29bb0_0 .net *"_s45", 0 0, L_0x1c3bbb0; 1 drivers
v0x1c298c0_0 .net *"_s46", 0 0, L_0x1c3b690; 1 drivers
v0x1c29960_0 .net *"_s51", 0 0, L_0x1c3bf50; 1 drivers
v0x1c29a00_0 .net *"_s52", 0 0, L_0x1c3baa0; 1 drivers
v0x1c29aa0_0 .net *"_s55", 0 0, L_0x1c3c070; 1 drivers
v0x1c29f10_0 .net *"_s56", 0 0, L_0x1c3c110; 1 drivers
v0x1c29fb0_0 .net *"_s58", 0 0, L_0x1c3c240; 1 drivers
v0x1c29c50_0 .net *"_s61", 0 0, L_0x1c3c340; 1 drivers
v0x1c29cf0_0 .net *"_s62", 0 0, L_0x1c3c470; 1 drivers
v0x1c29d90_0 .net *"_s64", 0 0, L_0x1c3c5b0; 1 drivers
v0x1c29e30_0 .net *"_s67", 0 0, L_0x1c3c6b0; 1 drivers
v0x1c2a320_0 .net *"_s68", 0 0, L_0x1c3c750; 1 drivers
v0x1c2a3a0_0 .net *"_s7", 0 0, L_0x1c3aab0; 1 drivers
v0x1c2a050_0 .net *"_s70", 0 0, L_0x1c3c520; 1 drivers
v0x1c2a0f0_0 .net *"_s73", 0 0, L_0x1c3c940; 1 drivers
v0x1c2a190_0 .net *"_s74", 0 0, L_0x1c3c3e0; 1 drivers
v0x1c2a230_0 .net *"_s79", 0 0, L_0x1c3cc20; 1 drivers
v0x1c2a740_0 .net *"_s8", 0 0, L_0x1c3aba0; 1 drivers
v0x1c2a7c0_0 .net *"_s80", 0 0, L_0x1c3c9e0; 1 drivers
v0x1c2a420_0 .net *"_s83", 0 0, L_0x1c3cdc0; 1 drivers
v0x1c2a4c0_0 .net *"_s84", 0 0, L_0x1c3b940; 1 drivers
v0x1c2a560_0 .net *"_s86", 0 0, L_0x1c3b9f0; 1 drivers
v0x1c2a600_0 .net *"_s89", 0 0, L_0x1c3d130; 1 drivers
v0x1c2a6a0_0 .net *"_s90", 0 0, L_0x1c3ccc0; 1 drivers
v0x1c2ab90_0 .net *"_s92", 0 0, L_0x1c3d070; 1 drivers
v0x1c2a860_0 .net *"_s95", 0 0, L_0x1c3d3b0; 1 drivers
v0x1c2a900_0 .net *"_s96", 0 0, L_0x1c3d450; 1 drivers
v0x1c2a9a0_0 .net *"_s98", 0 0, L_0x1c3d290; 1 drivers
v0x1c2aa40_0 .net "a", 0 0, L_0x1c40e00; 1 drivers
v0x1c2aae0_0 .net "d", 7 0, L_0x1c40f00; 1 drivers
RS_0x7f08deab0008/0/0 .resolv tri, L_0x1c3a8c0, L_0x1c3acf0, L_0x1c3b3b0, L_0x1c3be20;
RS_0x7f08deab0008/0/4 .resolv tri, L_0x1c3c800, L_0x1c3d7a0, C4<zzzzzz>, C4<zzzzzz>;
RS_0x7f08deab0008 .resolv tri, RS_0x7f08deab0008/0/0, RS_0x7f08deab0008/0/4, C4<zzzzzz>, C4<zzzzzz>;
v0x1c2af90_0 .net8 "k", 5 0, RS_0x7f08deab0008; 6 drivers
v0x1c2ac30_0 .net "x", 0 0, L_0x1c3f8d0; 1 drivers
v0x1c2acd0_0 .net "y", 0 0, L_0x1c3f420; 1 drivers
v0x1c2ad70_0 .net "z", 0 0, L_0x1c3ecb0; 1 drivers
L_0x1c3a8c0 .part/pv L_0x1c3aba0, 0, 1, 6;
L_0x1c3a960 .part L_0x1c40f00, 7, 1;
L_0x1c3aab0 .part L_0x1c40f00, 6, 1;
L_0x1c3acf0 .part/pv L_0x1c3b260, 1, 1, 6;
L_0x1c3ade0 .part L_0x1c40f00, 7, 1;
L_0x1c3af30 .part L_0x1c40f00, 6, 1;
L_0x1c3b1c0 .part L_0x1c40f00, 5, 1;
L_0x1c3b3b0 .part/pv L_0x1c3b690, 2, 1, 6;
L_0x1c3b4a0 .part L_0x1c40f00, 7, 1;
L_0x1c3b5f0 .part L_0x1c40f00, 6, 1;
L_0x1c3b8a0 .part L_0x1c40f00, 5, 1;
L_0x1c3bbb0 .part L_0x1c40f00, 4, 1;
L_0x1c3be20 .part/pv L_0x1c3c3e0, 3, 1, 6;
L_0x1c3bf50 .part L_0x1c40f00, 7, 1;
L_0x1c3c070 .part L_0x1c40f00, 6, 1;
L_0x1c3c340 .part L_0x1c40f00, 5, 1;
L_0x1c3c6b0 .part L_0x1c40f00, 4, 1;
L_0x1c3c940 .part L_0x1c40f00, 3, 1;
L_0x1c3c800 .part/pv L_0x1c3d980, 4, 1, 6;
L_0x1c3cc20 .part L_0x1c40f00, 7, 1;
L_0x1c3cdc0 .part L_0x1c40f00, 6, 1;
L_0x1c3d130 .part L_0x1c40f00, 5, 1;
L_0x1c3d3b0 .part L_0x1c40f00, 4, 1;
L_0x1c3d630 .part L_0x1c40f00, 3, 1;
L_0x1c3d8e0 .part L_0x1c40f00, 2, 1;
L_0x1c3d7a0 .part/pv L_0x1c3e6f0, 5, 1, 6;
L_0x1c3d6d0 .part L_0x1c40f00, 7, 1;
L_0x1c3dd10 .part L_0x1c40f00, 6, 1;
L_0x1c3dfb0 .part L_0x1c40f00, 5, 1;
L_0x1c3e220 .part L_0x1c40f00, 4, 1;
L_0x1c3e4f0 .part L_0x1c40f00, 3, 1;
L_0x1c3e780 .part L_0x1c40f00, 2, 1;
L_0x1c3ea80 .part L_0x1c40f00, 1, 1;
L_0x1c3e930 .part L_0x1c40f00, 7, 1;
L_0x1c3e9d0 .part RS_0x7f08deab0008, 0, 1;
L_0x1c3ee90 .part RS_0x7f08deab0008, 1, 1;
L_0x1c3ec10 .part RS_0x7f08deab0008, 2, 1;
L_0x1c3f2e0 .part L_0x1c40f00, 7, 1;
L_0x1c3f040 .part RS_0x7f08deab0008, 0, 1;
L_0x1c3f140 .part RS_0x7f08deab0008, 4, 1;
L_0x1c3f380 .part RS_0x7f08deab0008, 3, 1;
L_0x1c3f560 .part L_0x1c40f00, 7, 1;
L_0x1c3f600 .part RS_0x7f08deab0008, 1, 1;
L_0x1c3fbc0 .part RS_0x7f08deab0008, 3, 1;
L_0x1c3fb00 .part RS_0x7f08deab0008, 5, 1;
L_0x1c3ff70 .part L_0x1c40f00, 7, 1;
L_0x1c3fcb0 .part L_0x1c40f00, 6, 1;
L_0x1c40190 .part L_0x1c40f00, 5, 1;
L_0x1c40010 .part L_0x1c40f00, 4, 1;
L_0x1c3cf60 .part L_0x1c40f00, 3, 1;
L_0x1c40750 .part L_0x1c40f00, 2, 1;
L_0x1c40b20 .part L_0x1c40f00, 1, 1;
L_0x1c409a0 .part L_0x1c40f00, 0, 1;
S_0x1c213f0 .scope module, "p2" "pri_enc" 3 15, 4 1, S_0x1bd7100;
 .timescale 0 0;
L_0x1c41a70 .functor NOT 1, L_0x1c419d0, C4<0>, C4<0>, C4<0>;
L_0x1c41bc0 .functor AND 1, L_0x1c41a70, L_0x1c41ad0, C4<1>, C4<1>;
L_0x1c41ea0 .functor NOT 1, L_0x1c41e00, C4<0>, C4<0>, C4<0>;
L_0x1c42080 .functor NOT 1, L_0x1c41f50, C4<0>, C4<0>, C4<0>;
L_0x1c420e0 .functor AND 1, L_0x1c41ea0, L_0x1c42080, C4<1>, C4<1>;
L_0x1c42280 .functor AND 1, L_0x1c420e0, L_0x1c421e0, C4<1>, C4<1>;
L_0x1c42560 .functor NOT 1, L_0x1c424c0, C4<0>, C4<0>, C4<0>;
L_0x1c42710 .functor NOT 1, L_0x1c42610, C4<0>, C4<0>, C4<0>;
L_0x1c427c0 .functor AND 1, L_0x1c42560, L_0x1c42710, C4<1>, C4<1>;
L_0x1c41ff0 .functor NOT 1, L_0x1c428c0, C4<0>, C4<0>, C4<0>;
L_0x1c42b20 .functor AND 1, L_0x1c427c0, L_0x1c41ff0, C4<1>, C4<1>;
L_0x1c426b0 .functor AND 1, L_0x1c42b20, L_0x1c42bd0, C4<1>, C4<1>;
L_0x1c42ac0 .functor NOT 1, L_0x1c42f70, C4<0>, C4<0>, C4<0>;
L_0x1c43130 .functor NOT 1, L_0x1c43090, C4<0>, C4<0>, C4<0>;
L_0x1c43260 .functor AND 1, L_0x1c42ac0, L_0x1c43130, C4<1>, C4<1>;
L_0x1c43490 .functor NOT 1, L_0x1c43360, C4<0>, C4<0>, C4<0>;
L_0x1c435d0 .functor AND 1, L_0x1c43260, L_0x1c43490, C4<1>, C4<1>;
L_0x1c43770 .functor NOT 1, L_0x1c436d0, C4<0>, C4<0>, C4<0>;
L_0x1c43540 .functor AND 1, L_0x1c435d0, L_0x1c43770, C4<1>, C4<1>;
L_0x1c43400 .functor AND 1, L_0x1c43540, L_0x1c43960, C4<1>, C4<1>;
L_0x1c43a00 .functor NOT 1, L_0x1c43c40, C4<0>, C4<0>, C4<0>;
L_0x1c42960 .functor NOT 1, L_0x1c43de0, C4<0>, C4<0>, C4<0>;
L_0x1c42a10 .functor AND 1, L_0x1c43a00, L_0x1c42960, C4<1>, C4<1>;
L_0x1c43ce0 .functor NOT 1, L_0x1c44150, C4<0>, C4<0>, C4<0>;
L_0x1c44090 .functor AND 1, L_0x1c42a10, L_0x1c43ce0, C4<1>, C4<1>;
L_0x1c44470 .functor NOT 1, L_0x1c443d0, C4<0>, C4<0>, C4<0>;
L_0x1c442b0 .functor AND 1, L_0x1c44090, L_0x1c44470, C4<1>, C4<1>;
L_0x1c441f0 .functor NOT 1, L_0x1c44650, C4<0>, C4<0>, C4<0>;
L_0x1c44520 .functor AND 1, L_0x1c442b0, L_0x1c441f0, C4<1>, C4<1>;
L_0x1c449a0 .functor AND 1, L_0x1c44520, L_0x1c44900, C4<1>, C4<1>;
L_0x1c44cd0 .functor NOT 1, L_0x1c446f0, C4<0>, C4<0>, C4<0>;
L_0x1c44bf0 .functor NOT 1, L_0x1c44d30, C4<0>, C4<0>, C4<0>;
L_0x1c44af0 .functor AND 1, L_0x1c44cd0, L_0x1c44bf0, C4<1>, C4<1>;
L_0x1c45070 .functor NOT 1, L_0x1c44fd0, C4<0>, C4<0>, C4<0>;
L_0x1c44ec0 .functor AND 1, L_0x1c44af0, L_0x1c45070, C4<1>, C4<1>;
L_0x1c44dd0 .functor NOT 1, L_0x1c45240, C4<0>, C4<0>, C4<0>;
L_0x1c45120 .functor AND 1, L_0x1c44ec0, L_0x1c44dd0, C4<1>, C4<1>;
L_0x1c455b0 .functor NOT 1, L_0x1c45510, C4<0>, C4<0>, C4<0>;
L_0x1c453e0 .functor AND 1, L_0x1c45120, L_0x1c455b0, C4<1>, C4<1>;
L_0x1c452e0 .functor NOT 1, L_0x1c457a0, C4<0>, C4<0>, C4<0>;
L_0x1c45660 .functor AND 1, L_0x1c453e0, L_0x1c452e0, C4<1>, C4<1>;
L_0x1c45710 .functor AND 1, L_0x1c45660, L_0x1c45aa0, C4<1>, C4<1>;
L_0x1c45840 .functor OR 1, L_0x1c45950, L_0x1c459f0, C4<0>, C4<0>;
L_0x1c33bb0 .functor OR 1, L_0x1c45840, L_0x1c45eb0, C4<0>, C4<0>;
L_0x1c42dd0 .functor OR 1, L_0x1c33bb0, L_0x1c45da0, C4<0>, C4<0>;
L_0x1c46100 .functor OR 1, L_0x1c46190, L_0x1c46060, C4<0>, C4<0>;
L_0x1c42ee0 .functor OR 1, L_0x1c46100, L_0x1c45c30, C4<0>, C4<0>;
L_0x1c462d0 .functor OR 1, L_0x1c42ee0, L_0x1c46230, C4<0>, C4<0>;
L_0x1c46470 .functor OR 1, L_0x1c46330, L_0x1c463d0, C4<0>, C4<0>;
L_0x1c469e0 .functor OR 1, L_0x1c46470, L_0x1c46570, C4<0>, C4<0>;
L_0x1c46780 .functor OR 1, L_0x1c469e0, L_0x1c466e0, C4<0>, C4<0>;
L_0x1c46830 .functor NOT 1, L_0x1c46cd0, C4<0>, C4<0>, C4<0>;
L_0x1c46980 .functor NOT 1, L_0x1c468e0, C4<0>, C4<0>, C4<0>;
L_0x1c46b30 .functor AND 1, L_0x1c46830, L_0x1c46980, C4<1>, C4<1>;
L_0x1c46f90 .functor NOT 1, L_0x1c46ef0, C4<0>, C4<0>, C4<0>;
L_0x1c46ff0 .functor AND 1, L_0x1c46b30, L_0x1c46f90, C4<1>, C4<1>;
L_0x1c46e10 .functor NOT 1, L_0x1c46d70, C4<0>, C4<0>, C4<0>;
L_0x1c43e80 .functor AND 1, L_0x1c46ff0, L_0x1c46e10, C4<1>, C4<1>;
L_0x1c474b0 .functor NOT 1, L_0x1c43f80, C4<0>, C4<0>, C4<0>;
L_0x1c47560 .functor AND 1, L_0x1c43e80, L_0x1c474b0, C4<1>, C4<1>;
L_0x1c476b0 .functor NOT 1, L_0x1c47610, C4<0>, C4<0>, C4<0>;
L_0x1c47760 .functor AND 1, L_0x1c47560, L_0x1c476b0, C4<1>, C4<1>;
L_0x1c47ab0 .functor NOT 1, L_0x1c47a10, C4<0>, C4<0>, C4<0>;
L_0x1c47b60 .functor AND 1, L_0x1c47760, L_0x1c47ab0, C4<1>, C4<1>;
L_0x1c47960 .functor NOT 1, L_0x1c478c0, C4<0>, C4<0>, C4<0>;
L_0x1c47ca0 .functor AND 1, L_0x1c47b60, L_0x1c47960, C4<1>, C4<1>;
v0x1c214e0_0 .net *"_s101", 0 0, L_0x1c44650; 1 drivers
v0x1c219d0_0 .net *"_s102", 0 0, L_0x1c441f0; 1 drivers
v0x1c21a70_0 .net *"_s104", 0 0, L_0x1c44520; 1 drivers
v0x1c21b10_0 .net *"_s107", 0 0, L_0x1c44900; 1 drivers
v0x1c21b90_0 .net *"_s108", 0 0, L_0x1c449a0; 1 drivers
v0x1c21c30_0 .net *"_s113", 0 0, L_0x1c446f0; 1 drivers
v0x1c21cd0_0 .net *"_s114", 0 0, L_0x1c44cd0; 1 drivers
v0x1c21d70_0 .net *"_s117", 0 0, L_0x1c44d30; 1 drivers
v0x1c21e10_0 .net *"_s118", 0 0, L_0x1c44bf0; 1 drivers
v0x1c21eb0_0 .net *"_s120", 0 0, L_0x1c44af0; 1 drivers
v0x1c21f50_0 .net *"_s123", 0 0, L_0x1c44fd0; 1 drivers
v0x1c21ff0_0 .net *"_s124", 0 0, L_0x1c45070; 1 drivers
v0x1c22090_0 .net *"_s126", 0 0, L_0x1c44ec0; 1 drivers
v0x1c22130_0 .net *"_s129", 0 0, L_0x1c45240; 1 drivers
v0x1c22250_0 .net *"_s13", 0 0, L_0x1c41e00; 1 drivers
v0x1c222f0_0 .net *"_s130", 0 0, L_0x1c44dd0; 1 drivers
v0x1c221b0_0 .net *"_s132", 0 0, L_0x1c45120; 1 drivers
v0x1c22440_0 .net *"_s135", 0 0, L_0x1c45510; 1 drivers
v0x1c22560_0 .net *"_s136", 0 0, L_0x1c455b0; 1 drivers
v0x1c225e0_0 .net *"_s138", 0 0, L_0x1c453e0; 1 drivers
v0x1c224c0_0 .net *"_s14", 0 0, L_0x1c41ea0; 1 drivers
v0x1c22710_0 .net *"_s141", 0 0, L_0x1c457a0; 1 drivers
v0x1c22660_0 .net *"_s142", 0 0, L_0x1c452e0; 1 drivers
v0x1c22850_0 .net *"_s144", 0 0, L_0x1c45660; 1 drivers
v0x1c227b0_0 .net *"_s147", 0 0, L_0x1c45aa0; 1 drivers
v0x1c229a0_0 .net *"_s148", 0 0, L_0x1c45710; 1 drivers
v0x1c228f0_0 .net *"_s151", 0 0, L_0x1c45950; 1 drivers
v0x1c22b00_0 .net *"_s153", 0 0, L_0x1c459f0; 1 drivers
v0x1c22a40_0 .net *"_s154", 0 0, L_0x1c45840; 1 drivers
v0x1c22c70_0 .net *"_s157", 0 0, L_0x1c45eb0; 1 drivers
v0x1c22b80_0 .net *"_s158", 0 0, L_0x1c33bb0; 1 drivers
v0x1c22df0_0 .net *"_s161", 0 0, L_0x1c45da0; 1 drivers
v0x1c22cf0_0 .net *"_s165", 0 0, L_0x1c46190; 1 drivers
v0x1c22f80_0 .net *"_s167", 0 0, L_0x1c46060; 1 drivers
v0x1c22e70_0 .net *"_s168", 0 0, L_0x1c46100; 1 drivers
v0x1c23120_0 .net *"_s17", 0 0, L_0x1c41f50; 1 drivers
v0x1c23000_0 .net *"_s171", 0 0, L_0x1c45c30; 1 drivers
v0x1c230a0_0 .net *"_s172", 0 0, L_0x1c42ee0; 1 drivers
v0x1c232e0_0 .net *"_s175", 0 0, L_0x1c46230; 1 drivers
v0x1c23360_0 .net *"_s179", 0 0, L_0x1c46330; 1 drivers
v0x1c231a0_0 .net *"_s18", 0 0, L_0x1c42080; 1 drivers
v0x1c23240_0 .net *"_s181", 0 0, L_0x1c463d0; 1 drivers
v0x1c23540_0 .net *"_s182", 0 0, L_0x1c46470; 1 drivers
v0x1c235c0_0 .net *"_s185", 0 0, L_0x1c46570; 1 drivers
v0x1c233e0_0 .net *"_s186", 0 0, L_0x1c469e0; 1 drivers
v0x1c23480_0 .net *"_s189", 0 0, L_0x1c466e0; 1 drivers
v0x1c237c0_0 .net *"_s193", 0 0, L_0x1c46cd0; 1 drivers
v0x1c23840_0 .net *"_s194", 0 0, L_0x1c46830; 1 drivers
v0x1c23660_0 .net *"_s197", 0 0, L_0x1c468e0; 1 drivers
v0x1c23700_0 .net *"_s198", 0 0, L_0x1c46980; 1 drivers
v0x1c23a60_0 .net *"_s20", 0 0, L_0x1c420e0; 1 drivers
v0x1c23ae0_0 .net *"_s200", 0 0, L_0x1c46b30; 1 drivers
v0x1c238e0_0 .net *"_s203", 0 0, L_0x1c46ef0; 1 drivers
v0x1c23980_0 .net *"_s204", 0 0, L_0x1c46f90; 1 drivers
v0x1c23d20_0 .net *"_s206", 0 0, L_0x1c46ff0; 1 drivers
v0x1c23da0_0 .net *"_s209", 0 0, L_0x1c46d70; 1 drivers
v0x1c23b60_0 .net *"_s210", 0 0, L_0x1c46e10; 1 drivers
v0x1c23c00_0 .net *"_s212", 0 0, L_0x1c43e80; 1 drivers
v0x1c23ca0_0 .net *"_s215", 0 0, L_0x1c43f80; 1 drivers
v0x1c24020_0 .net *"_s216", 0 0, L_0x1c474b0; 1 drivers
v0x1c23e40_0 .net *"_s218", 0 0, L_0x1c47560; 1 drivers
v0x1c23ee0_0 .net *"_s221", 0 0, L_0x1c47610; 1 drivers
v0x1c23f80_0 .net *"_s222", 0 0, L_0x1c476b0; 1 drivers
v0x1c242c0_0 .net *"_s224", 0 0, L_0x1c47760; 1 drivers
v0x1c240c0_0 .net *"_s227", 0 0, L_0x1c47a10; 1 drivers
v0x1c24160_0 .net *"_s228", 0 0, L_0x1c47ab0; 1 drivers
v0x1c24200_0 .net *"_s23", 0 0, L_0x1c421e0; 1 drivers
v0x1c24560_0 .net *"_s230", 0 0, L_0x1c47b60; 1 drivers
v0x1c24360_0 .net *"_s233", 0 0, L_0x1c478c0; 1 drivers
v0x1c24400_0 .net *"_s234", 0 0, L_0x1c47960; 1 drivers
v0x1c244a0_0 .net *"_s24", 0 0, L_0x1c42280; 1 drivers
v0x1c24820_0 .net *"_s29", 0 0, L_0x1c424c0; 1 drivers
v0x1c245e0_0 .net *"_s3", 0 0, L_0x1c419d0; 1 drivers
v0x1c24680_0 .net *"_s30", 0 0, L_0x1c42560; 1 drivers
v0x1c24720_0 .net *"_s33", 0 0, L_0x1c42610; 1 drivers
v0x1c24b00_0 .net *"_s34", 0 0, L_0x1c42710; 1 drivers
v0x1c248a0_0 .net *"_s36", 0 0, L_0x1c427c0; 1 drivers
v0x1c24940_0 .net *"_s39", 0 0, L_0x1c428c0; 1 drivers
v0x1c249e0_0 .net *"_s4", 0 0, L_0x1c41a70; 1 drivers
v0x1c24a80_0 .net *"_s40", 0 0, L_0x1c41ff0; 1 drivers
v0x1c24e10_0 .net *"_s42", 0 0, L_0x1c42b20; 1 drivers
v0x1c24e90_0 .net *"_s45", 0 0, L_0x1c42bd0; 1 drivers
v0x1c24b80_0 .net *"_s46", 0 0, L_0x1c426b0; 1 drivers
v0x1c24c20_0 .net *"_s51", 0 0, L_0x1c42f70; 1 drivers
v0x1c24cc0_0 .net *"_s52", 0 0, L_0x1c42ac0; 1 drivers
v0x1c24d60_0 .net *"_s55", 0 0, L_0x1c43090; 1 drivers
v0x1c251d0_0 .net *"_s56", 0 0, L_0x1c43130; 1 drivers
v0x1c25250_0 .net *"_s58", 0 0, L_0x1c43260; 1 drivers
v0x1c24f10_0 .net *"_s61", 0 0, L_0x1c43360; 1 drivers
v0x1c24fb0_0 .net *"_s62", 0 0, L_0x1c43490; 1 drivers
v0x1c25050_0 .net *"_s64", 0 0, L_0x1c435d0; 1 drivers
v0x1c250f0_0 .net *"_s67", 0 0, L_0x1c436d0; 1 drivers
v0x1c255c0_0 .net *"_s68", 0 0, L_0x1c43770; 1 drivers
v0x1c25640_0 .net *"_s7", 0 0, L_0x1c41ad0; 1 drivers
v0x1c252d0_0 .net *"_s70", 0 0, L_0x1c43540; 1 drivers
v0x1c25370_0 .net *"_s73", 0 0, L_0x1c43960; 1 drivers
v0x1c25410_0 .net *"_s74", 0 0, L_0x1c43400; 1 drivers
v0x1c254b0_0 .net *"_s79", 0 0, L_0x1c43c40; 1 drivers
v0x1c259e0_0 .net *"_s8", 0 0, L_0x1c41bc0; 1 drivers
v0x1c25a60_0 .net *"_s80", 0 0, L_0x1c43a00; 1 drivers
v0x1c256c0_0 .net *"_s83", 0 0, L_0x1c43de0; 1 drivers
v0x1c25760_0 .net *"_s84", 0 0, L_0x1c42960; 1 drivers
v0x1c25800_0 .net *"_s86", 0 0, L_0x1c42a10; 1 drivers
v0x1c258a0_0 .net *"_s89", 0 0, L_0x1c44150; 1 drivers
v0x1c25940_0 .net *"_s90", 0 0, L_0x1c43ce0; 1 drivers
v0x1c25e30_0 .net *"_s92", 0 0, L_0x1c44090; 1 drivers
v0x1c25ae0_0 .net *"_s95", 0 0, L_0x1c443d0; 1 drivers
v0x1c25b80_0 .net *"_s96", 0 0, L_0x1c44470; 1 drivers
v0x1c25c20_0 .net *"_s98", 0 0, L_0x1c442b0; 1 drivers
v0x1c25cc0_0 .net "a", 0 0, L_0x1c47ca0; 1 drivers
v0x1c25d60_0 .net "d", 7 0, L_0x1c47da0; 1 drivers
RS_0x7f08deaaea78/0/0 .resolv tri, L_0x1c41930, L_0x1c41d10, L_0x1c423d0, L_0x1c42e40;
RS_0x7f08deaaea78/0/4 .resolv tri, L_0x1c43820, L_0x1c447c0, C4<zzzzzz>, C4<zzzzzz>;
RS_0x7f08deaaea78 .resolv tri, RS_0x7f08deaaea78/0/0, RS_0x7f08deaaea78/0/4, C4<zzzzzz>, C4<zzzzzz>;
v0x1c26230_0 .net8 "k", 5 0, RS_0x7f08deaaea78; 6 drivers
v0x1c25eb0_0 .net "x", 0 0, L_0x1c46780; 1 drivers
v0x1c25f50_0 .net "y", 0 0, L_0x1c462d0; 1 drivers
v0x1c25ff0_0 .net "z", 0 0, L_0x1c42dd0; 1 drivers
L_0x1c41930 .part/pv L_0x1c41bc0, 0, 1, 6;
L_0x1c419d0 .part L_0x1c47da0, 7, 1;
L_0x1c41ad0 .part L_0x1c47da0, 6, 1;
L_0x1c41d10 .part/pv L_0x1c42280, 1, 1, 6;
L_0x1c41e00 .part L_0x1c47da0, 7, 1;
L_0x1c41f50 .part L_0x1c47da0, 6, 1;
L_0x1c421e0 .part L_0x1c47da0, 5, 1;
L_0x1c423d0 .part/pv L_0x1c426b0, 2, 1, 6;
L_0x1c424c0 .part L_0x1c47da0, 7, 1;
L_0x1c42610 .part L_0x1c47da0, 6, 1;
L_0x1c428c0 .part L_0x1c47da0, 5, 1;
L_0x1c42bd0 .part L_0x1c47da0, 4, 1;
L_0x1c42e40 .part/pv L_0x1c43400, 3, 1, 6;
L_0x1c42f70 .part L_0x1c47da0, 7, 1;
L_0x1c43090 .part L_0x1c47da0, 6, 1;
L_0x1c43360 .part L_0x1c47da0, 5, 1;
L_0x1c436d0 .part L_0x1c47da0, 4, 1;
L_0x1c43960 .part L_0x1c47da0, 3, 1;
L_0x1c43820 .part/pv L_0x1c449a0, 4, 1, 6;
L_0x1c43c40 .part L_0x1c47da0, 7, 1;
L_0x1c43de0 .part L_0x1c47da0, 6, 1;
L_0x1c44150 .part L_0x1c47da0, 5, 1;
L_0x1c443d0 .part L_0x1c47da0, 4, 1;
L_0x1c44650 .part L_0x1c47da0, 3, 1;
L_0x1c44900 .part L_0x1c47da0, 2, 1;
L_0x1c447c0 .part/pv L_0x1c45710, 5, 1, 6;
L_0x1c446f0 .part L_0x1c47da0, 7, 1;
L_0x1c44d30 .part L_0x1c47da0, 6, 1;
L_0x1c44fd0 .part L_0x1c47da0, 5, 1;
L_0x1c45240 .part L_0x1c47da0, 4, 1;
L_0x1c45510 .part L_0x1c47da0, 3, 1;
L_0x1c457a0 .part L_0x1c47da0, 2, 1;
L_0x1c45aa0 .part L_0x1c47da0, 1, 1;
L_0x1c45950 .part L_0x1c47da0, 7, 1;
L_0x1c459f0 .part RS_0x7f08deaaea78, 0, 1;
L_0x1c45eb0 .part RS_0x7f08deaaea78, 1, 1;
L_0x1c45da0 .part RS_0x7f08deaaea78, 2, 1;
L_0x1c46190 .part L_0x1c47da0, 7, 1;
L_0x1c46060 .part RS_0x7f08deaaea78, 0, 1;
L_0x1c45c30 .part RS_0x7f08deaaea78, 4, 1;
L_0x1c46230 .part RS_0x7f08deaaea78, 3, 1;
L_0x1c46330 .part L_0x1c47da0, 7, 1;
L_0x1c463d0 .part RS_0x7f08deaaea78, 1, 1;
L_0x1c46570 .part RS_0x7f08deaaea78, 3, 1;
L_0x1c466e0 .part RS_0x7f08deaaea78, 5, 1;
L_0x1c46cd0 .part L_0x1c47da0, 7, 1;
L_0x1c468e0 .part L_0x1c47da0, 6, 1;
L_0x1c46ef0 .part L_0x1c47da0, 5, 1;
L_0x1c46d70 .part L_0x1c47da0, 4, 1;
L_0x1c43f80 .part L_0x1c47da0, 3, 1;
L_0x1c47610 .part L_0x1c47da0, 2, 1;
L_0x1c47a10 .part L_0x1c47da0, 1, 1;
L_0x1c478c0 .part L_0x1c47da0, 0, 1;
S_0x1bbfaf0 .scope module, "p3" "pri_enc" 3 16, 4 1, S_0x1bd7100;
 .timescale 0 0;
L_0x1c418d0 .functor NOT 1, L_0x1c487b0, C4<0>, C4<0>, C4<0>;
L_0x1c48990 .functor AND 1, L_0x1c418d0, L_0x1c488a0, C4<1>, C4<1>;
L_0x1c48c70 .functor NOT 1, L_0x1c48bd0, C4<0>, C4<0>, C4<0>;
L_0x1c48e50 .functor NOT 1, L_0x1c48d20, C4<0>, C4<0>, C4<0>;
L_0x1c48eb0 .functor AND 1, L_0x1c48c70, L_0x1c48e50, C4<1>, C4<1>;
L_0x1c49050 .functor AND 1, L_0x1c48eb0, L_0x1c48fb0, C4<1>, C4<1>;
L_0x1c49330 .functor NOT 1, L_0x1c49290, C4<0>, C4<0>, C4<0>;
L_0x1c494e0 .functor NOT 1, L_0x1c493e0, C4<0>, C4<0>, C4<0>;
L_0x1c49590 .functor AND 1, L_0x1c49330, L_0x1c494e0, C4<1>, C4<1>;
L_0x1c48dc0 .functor NOT 1, L_0x1c49690, C4<0>, C4<0>, C4<0>;
L_0x1c498f0 .functor AND 1, L_0x1c49590, L_0x1c48dc0, C4<1>, C4<1>;
L_0x1c49480 .functor AND 1, L_0x1c498f0, L_0x1c499a0, C4<1>, C4<1>;
L_0x1c49890 .functor NOT 1, L_0x1c49cd0, C4<0>, C4<0>, C4<0>;
L_0x1c49e90 .functor NOT 1, L_0x1c49df0, C4<0>, C4<0>, C4<0>;
L_0x1c49fc0 .functor AND 1, L_0x1c49890, L_0x1c49e90, C4<1>, C4<1>;
L_0x1c4a1f0 .functor NOT 1, L_0x1c4a0c0, C4<0>, C4<0>, C4<0>;
L_0x1c4a330 .functor AND 1, L_0x1c49fc0, L_0x1c4a1f0, C4<1>, C4<1>;
L_0x1c4a4d0 .functor NOT 1, L_0x1c4a430, C4<0>, C4<0>, C4<0>;
L_0x1c4a2a0 .functor AND 1, L_0x1c4a330, L_0x1c4a4d0, C4<1>, C4<1>;
L_0x1c4a160 .functor AND 1, L_0x1c4a2a0, L_0x1c4a6c0, C4<1>, C4<1>;
L_0x1c4a760 .functor NOT 1, L_0x1c4a9a0, C4<0>, C4<0>, C4<0>;
L_0x1c49730 .functor NOT 1, L_0x1c4ab40, C4<0>, C4<0>, C4<0>;
L_0x1c497e0 .functor AND 1, L_0x1c4a760, L_0x1c49730, C4<1>, C4<1>;
L_0x1c4aa40 .functor NOT 1, L_0x1c4aeb0, C4<0>, C4<0>, C4<0>;
L_0x1c4adf0 .functor AND 1, L_0x1c497e0, L_0x1c4aa40, C4<1>, C4<1>;
L_0x1c4b1d0 .functor NOT 1, L_0x1c4b130, C4<0>, C4<0>, C4<0>;
L_0x1c4b010 .functor AND 1, L_0x1c4adf0, L_0x1c4b1d0, C4<1>, C4<1>;
L_0x1c4af50 .functor NOT 1, L_0x1c4b3b0, C4<0>, C4<0>, C4<0>;
L_0x1c4b280 .functor AND 1, L_0x1c4b010, L_0x1c4af50, C4<1>, C4<1>;
L_0x1c4b700 .functor AND 1, L_0x1c4b280, L_0x1c4b660, C4<1>, C4<1>;
L_0x1c4ba30 .functor NOT 1, L_0x1c4b450, C4<0>, C4<0>, C4<0>;
L_0x1c4b950 .functor NOT 1, L_0x1c4ba90, C4<0>, C4<0>, C4<0>;
L_0x1c4b850 .functor AND 1, L_0x1c4ba30, L_0x1c4b950, C4<1>, C4<1>;
L_0x1c4bdd0 .functor NOT 1, L_0x1c4bd30, C4<0>, C4<0>, C4<0>;
L_0x1c4bc20 .functor AND 1, L_0x1c4b850, L_0x1c4bdd0, C4<1>, C4<1>;
L_0x1c4bb30 .functor NOT 1, L_0x1c4bfa0, C4<0>, C4<0>, C4<0>;
L_0x1c4be80 .functor AND 1, L_0x1c4bc20, L_0x1c4bb30, C4<1>, C4<1>;
L_0x1c4c310 .functor NOT 1, L_0x1c4c270, C4<0>, C4<0>, C4<0>;
L_0x1c4c140 .functor AND 1, L_0x1c4be80, L_0x1c4c310, C4<1>, C4<1>;
L_0x1c4c040 .functor NOT 1, L_0x1c4c500, C4<0>, C4<0>, C4<0>;
L_0x1c4c3c0 .functor AND 1, L_0x1c4c140, L_0x1c4c040, C4<1>, C4<1>;
L_0x1c4c470 .functor AND 1, L_0x1c4c3c0, L_0x1c4c800, C4<1>, C4<1>;
L_0x1c4c5a0 .functor OR 1, L_0x1c4c6b0, L_0x1c4c750, C4<0>, C4<0>;
L_0x1c49c40 .functor OR 1, L_0x1c4c5a0, L_0x1c4cc10, C4<0>, C4<0>;
L_0x1c4ca30 .functor OR 1, L_0x1c49c40, L_0x1c4c990, C4<0>, C4<0>;
L_0x1c4ce60 .functor OR 1, L_0x1c4d060, L_0x1c4cdc0, C4<0>, C4<0>;
L_0x1c4cf60 .functor OR 1, L_0x1c4ce60, L_0x1c4cec0, C4<0>, C4<0>;
L_0x1c4d1a0 .functor OR 1, L_0x1c4cf60, L_0x1c4d100, C4<0>, C4<0>;
L_0x1c4d420 .functor OR 1, L_0x1c4d2e0, L_0x1c4d380, C4<0>, C4<0>;
L_0x1c4d520 .functor OR 1, L_0x1c4d420, L_0x1c4d940, C4<0>, C4<0>;
L_0x1c4d650 .functor OR 1, L_0x1c4d520, L_0x1c4d880, C4<0>, C4<0>;
L_0x1c4d750 .functor NOT 1, L_0x1c4dcf0, C4<0>, C4<0>, C4<0>;
L_0x1c49b30 .functor NOT 1, L_0x1c4da30, C4<0>, C4<0>, C4<0>;
L_0x1c49f40 .functor AND 1, L_0x1c4d750, L_0x1c49b30, C4<1>, C4<1>;
L_0x1c4dc60 .functor NOT 1, L_0x1c4df10, C4<0>, C4<0>, C4<0>;
L_0x1c4e000 .functor AND 1, L_0x1c49f40, L_0x1c4dc60, C4<1>, C4<1>;
L_0x1c4de80 .functor NOT 1, L_0x1c4dde0, C4<0>, C4<0>, C4<0>;
L_0x1c4ac80 .functor AND 1, L_0x1c4e000, L_0x1c4de80, C4<1>, C4<1>;
L_0x1c4ad80 .functor NOT 1, L_0x1c4e6b0, C4<0>, C4<0>, C4<0>;
L_0x1c4db20 .functor AND 1, L_0x1c4ac80, L_0x1c4ad80, C4<1>, C4<1>;
L_0x1c4e570 .functor NOT 1, L_0x1c4e4d0, C4<0>, C4<0>, C4<0>;
L_0x1c4e620 .functor AND 1, L_0x1c4db20, L_0x1c4e570, C4<1>, C4<1>;
L_0x1c4e990 .functor NOT 1, L_0x1c4e8f0, C4<0>, C4<0>, C4<0>;
L_0x1c4ea40 .functor AND 1, L_0x1c4e620, L_0x1c4e990, C4<1>, C4<1>;
L_0x1c4e890 .functor NOT 1, L_0x1c4e7f0, C4<0>, C4<0>, C4<0>;
L_0x1c4ebd0 .functor AND 1, L_0x1c4ea40, L_0x1c4e890, C4<1>, C4<1>;
v0x1bffbf0_0 .net *"_s101", 0 0, L_0x1c4b3b0; 1 drivers
v0x1c1cb40_0 .net *"_s102", 0 0, L_0x1c4af50; 1 drivers
v0x1c1cbe0_0 .net *"_s104", 0 0, L_0x1c4b280; 1 drivers
v0x1c1cc80_0 .net *"_s107", 0 0, L_0x1c4b660; 1 drivers
v0x1c1cd30_0 .net *"_s108", 0 0, L_0x1c4b700; 1 drivers
v0x1c1cdd0_0 .net *"_s113", 0 0, L_0x1c4b450; 1 drivers
v0x1c1ceb0_0 .net *"_s114", 0 0, L_0x1c4ba30; 1 drivers
v0x1c1cf50_0 .net *"_s117", 0 0, L_0x1c4ba90; 1 drivers
v0x1c1d040_0 .net *"_s118", 0 0, L_0x1c4b950; 1 drivers
v0x1c1d0e0_0 .net *"_s120", 0 0, L_0x1c4b850; 1 drivers
v0x1c1d1e0_0 .net *"_s123", 0 0, L_0x1c4bd30; 1 drivers
v0x1c1d280_0 .net *"_s124", 0 0, L_0x1c4bdd0; 1 drivers
v0x1c1d390_0 .net *"_s126", 0 0, L_0x1c4bc20; 1 drivers
v0x1c1d430_0 .net *"_s129", 0 0, L_0x1c4bfa0; 1 drivers
v0x1c1d550_0 .net *"_s13", 0 0, L_0x1c48bd0; 1 drivers
v0x1c1d5f0_0 .net *"_s130", 0 0, L_0x1c4bb30; 1 drivers
v0x1c1d4b0_0 .net *"_s132", 0 0, L_0x1c4be80; 1 drivers
v0x1c1d740_0 .net *"_s135", 0 0, L_0x1c4c270; 1 drivers
v0x1c1d860_0 .net *"_s136", 0 0, L_0x1c4c310; 1 drivers
v0x1c1d8e0_0 .net *"_s138", 0 0, L_0x1c4c140; 1 drivers
v0x1c1d7c0_0 .net *"_s14", 0 0, L_0x1c48c70; 1 drivers
v0x1c1da10_0 .net *"_s141", 0 0, L_0x1c4c500; 1 drivers
v0x1c1d960_0 .net *"_s142", 0 0, L_0x1c4c040; 1 drivers
v0x1c1db50_0 .net *"_s144", 0 0, L_0x1c4c3c0; 1 drivers
v0x1c1dab0_0 .net *"_s147", 0 0, L_0x1c4c800; 1 drivers
v0x1c1dca0_0 .net *"_s148", 0 0, L_0x1c4c470; 1 drivers
v0x1c1dbf0_0 .net *"_s151", 0 0, L_0x1c4c6b0; 1 drivers
v0x1c1de00_0 .net *"_s153", 0 0, L_0x1c4c750; 1 drivers
v0x1c1dd40_0 .net *"_s154", 0 0, L_0x1c4c5a0; 1 drivers
v0x1c1df70_0 .net *"_s157", 0 0, L_0x1c4cc10; 1 drivers
v0x1c1de80_0 .net *"_s158", 0 0, L_0x1c49c40; 1 drivers
v0x1c1e0f0_0 .net *"_s161", 0 0, L_0x1c4c990; 1 drivers
v0x1c1dff0_0 .net *"_s165", 0 0, L_0x1c4d060; 1 drivers
v0x1c1e280_0 .net *"_s167", 0 0, L_0x1c4cdc0; 1 drivers
v0x1c1e170_0 .net *"_s168", 0 0, L_0x1c4ce60; 1 drivers
v0x1c1e420_0 .net *"_s17", 0 0, L_0x1c48d20; 1 drivers
v0x1c1e300_0 .net *"_s171", 0 0, L_0x1c4cec0; 1 drivers
v0x1c1e3a0_0 .net *"_s172", 0 0, L_0x1c4cf60; 1 drivers
v0x1c1e5e0_0 .net *"_s175", 0 0, L_0x1c4d100; 1 drivers
v0x1c1e660_0 .net *"_s179", 0 0, L_0x1c4d2e0; 1 drivers
v0x1c1e4a0_0 .net *"_s18", 0 0, L_0x1c48e50; 1 drivers
v0x1c1e540_0 .net *"_s181", 0 0, L_0x1c4d380; 1 drivers
v0x1c1e840_0 .net *"_s182", 0 0, L_0x1c4d420; 1 drivers
v0x1c1e8c0_0 .net *"_s185", 0 0, L_0x1c4d940; 1 drivers
v0x1c1e6e0_0 .net *"_s186", 0 0, L_0x1c4d520; 1 drivers
v0x1c1e780_0 .net *"_s189", 0 0, L_0x1c4d880; 1 drivers
v0x1c1eac0_0 .net *"_s193", 0 0, L_0x1c4dcf0; 1 drivers
v0x1c1eb40_0 .net *"_s194", 0 0, L_0x1c4d750; 1 drivers
v0x1c1e960_0 .net *"_s197", 0 0, L_0x1c4da30; 1 drivers
v0x1c1ea00_0 .net *"_s198", 0 0, L_0x1c49b30; 1 drivers
v0x1c1ed60_0 .net *"_s20", 0 0, L_0x1c48eb0; 1 drivers
v0x1c1ede0_0 .net *"_s200", 0 0, L_0x1c49f40; 1 drivers
v0x1c1ebe0_0 .net *"_s203", 0 0, L_0x1c4df10; 1 drivers
v0x1c1ec80_0 .net *"_s204", 0 0, L_0x1c4dc60; 1 drivers
v0x1c1f020_0 .net *"_s206", 0 0, L_0x1c4e000; 1 drivers
v0x1c1f0a0_0 .net *"_s209", 0 0, L_0x1c4dde0; 1 drivers
v0x1c1ee60_0 .net *"_s210", 0 0, L_0x1c4de80; 1 drivers
v0x1c1ef00_0 .net *"_s212", 0 0, L_0x1c4ac80; 1 drivers
v0x1c1efa0_0 .net *"_s215", 0 0, L_0x1c4e6b0; 1 drivers
v0x1c1f320_0 .net *"_s216", 0 0, L_0x1c4ad80; 1 drivers
v0x1c1f140_0 .net *"_s218", 0 0, L_0x1c4db20; 1 drivers
v0x1c1f1e0_0 .net *"_s221", 0 0, L_0x1c4e4d0; 1 drivers
v0x1c1f280_0 .net *"_s222", 0 0, L_0x1c4e570; 1 drivers
v0x1c1f5c0_0 .net *"_s224", 0 0, L_0x1c4e620; 1 drivers
v0x1c1f3c0_0 .net *"_s227", 0 0, L_0x1c4e8f0; 1 drivers
v0x1c1f460_0 .net *"_s228", 0 0, L_0x1c4e990; 1 drivers
v0x1c1f500_0 .net *"_s23", 0 0, L_0x1c48fb0; 1 drivers
v0x1c1f860_0 .net *"_s230", 0 0, L_0x1c4ea40; 1 drivers
v0x1c1f660_0 .net *"_s233", 0 0, L_0x1c4e7f0; 1 drivers
v0x1c1f700_0 .net *"_s234", 0 0, L_0x1c4e890; 1 drivers
v0x1c1f7a0_0 .net *"_s24", 0 0, L_0x1c49050; 1 drivers
v0x1c1fb20_0 .net *"_s29", 0 0, L_0x1c49290; 1 drivers
v0x1c1f8e0_0 .net *"_s3", 0 0, L_0x1c487b0; 1 drivers
v0x1c1f980_0 .net *"_s30", 0 0, L_0x1c49330; 1 drivers
v0x1c1fa20_0 .net *"_s33", 0 0, L_0x1c493e0; 1 drivers
v0x1c1fe00_0 .net *"_s34", 0 0, L_0x1c494e0; 1 drivers
v0x1c1fba0_0 .net *"_s36", 0 0, L_0x1c49590; 1 drivers
v0x1c1fc40_0 .net *"_s39", 0 0, L_0x1c49690; 1 drivers
v0x1c1fce0_0 .net *"_s4", 0 0, L_0x1c418d0; 1 drivers
v0x1c1fd80_0 .net *"_s40", 0 0, L_0x1c48dc0; 1 drivers
v0x1c20110_0 .net *"_s42", 0 0, L_0x1c498f0; 1 drivers
v0x1c20190_0 .net *"_s45", 0 0, L_0x1c499a0; 1 drivers
v0x1c1fea0_0 .net *"_s46", 0 0, L_0x1c49480; 1 drivers
v0x1c1ff40_0 .net *"_s51", 0 0, L_0x1c49cd0; 1 drivers
v0x1c1ffe0_0 .net *"_s52", 0 0, L_0x1c49890; 1 drivers
v0x1c20080_0 .net *"_s55", 0 0, L_0x1c49df0; 1 drivers
v0x1c204f0_0 .net *"_s56", 0 0, L_0x1c49e90; 1 drivers
v0x1c20590_0 .net *"_s58", 0 0, L_0x1c49fc0; 1 drivers
v0x1c20230_0 .net *"_s61", 0 0, L_0x1c4a0c0; 1 drivers
v0x1c202d0_0 .net *"_s62", 0 0, L_0x1c4a1f0; 1 drivers
v0x1c20370_0 .net *"_s64", 0 0, L_0x1c4a330; 1 drivers
v0x1c20410_0 .net *"_s67", 0 0, L_0x1c4a430; 1 drivers
v0x1c20900_0 .net *"_s68", 0 0, L_0x1c4a4d0; 1 drivers
v0x1c20980_0 .net *"_s7", 0 0, L_0x1c488a0; 1 drivers
v0x1c20630_0 .net *"_s70", 0 0, L_0x1c4a2a0; 1 drivers
v0x1c206d0_0 .net *"_s73", 0 0, L_0x1c4a6c0; 1 drivers
v0x1c20770_0 .net *"_s74", 0 0, L_0x1c4a160; 1 drivers
v0x1c20810_0 .net *"_s79", 0 0, L_0x1c4a9a0; 1 drivers
v0x1c20d20_0 .net *"_s8", 0 0, L_0x1c48990; 1 drivers
v0x1c20da0_0 .net *"_s80", 0 0, L_0x1c4a760; 1 drivers
v0x1c20a00_0 .net *"_s83", 0 0, L_0x1c4ab40; 1 drivers
v0x1c20aa0_0 .net *"_s84", 0 0, L_0x1c49730; 1 drivers
v0x1c20b40_0 .net *"_s86", 0 0, L_0x1c497e0; 1 drivers
v0x1c20be0_0 .net *"_s89", 0 0, L_0x1c4aeb0; 1 drivers
v0x1c20c80_0 .net *"_s90", 0 0, L_0x1c4aa40; 1 drivers
v0x1c21170_0 .net *"_s92", 0 0, L_0x1c4adf0; 1 drivers
v0x1c20e40_0 .net *"_s95", 0 0, L_0x1c4b130; 1 drivers
v0x1c20ee0_0 .net *"_s96", 0 0, L_0x1c4b1d0; 1 drivers
v0x1c20f80_0 .net *"_s98", 0 0, L_0x1c4b010; 1 drivers
v0x1c21020_0 .net "a", 0 0, L_0x1c4ebd0; 1 drivers
v0x1c210c0_0 .net "d", 7 0, L_0x1c4ecd0; 1 drivers
RS_0x7f08deaad4e8/0/0 .resolv tri, L_0x1c48710, L_0x1c48ae0, L_0x1c491a0, L_0x1c49ba0;
RS_0x7f08deaad4e8/0/4 .resolv tri, L_0x1c4a580, L_0x1c4b520, C4<zzzzzz>, C4<zzzzzz>;
RS_0x7f08deaad4e8 .resolv tri, RS_0x7f08deaad4e8/0/0, RS_0x7f08deaad4e8/0/4, C4<zzzzzz>, C4<zzzzzz>;
v0x1c21570_0 .net8 "k", 5 0, RS_0x7f08deaad4e8; 6 drivers
v0x1c21210_0 .net "x", 0 0, L_0x1c4d650; 1 drivers
v0x1c212b0_0 .net "y", 0 0, L_0x1c4d1a0; 1 drivers
v0x1c21350_0 .net "z", 0 0, L_0x1c4ca30; 1 drivers
L_0x1c48710 .part/pv L_0x1c48990, 0, 1, 6;
L_0x1c487b0 .part L_0x1c4ecd0, 7, 1;
L_0x1c488a0 .part L_0x1c4ecd0, 6, 1;
L_0x1c48ae0 .part/pv L_0x1c49050, 1, 1, 6;
L_0x1c48bd0 .part L_0x1c4ecd0, 7, 1;
L_0x1c48d20 .part L_0x1c4ecd0, 6, 1;
L_0x1c48fb0 .part L_0x1c4ecd0, 5, 1;
L_0x1c491a0 .part/pv L_0x1c49480, 2, 1, 6;
L_0x1c49290 .part L_0x1c4ecd0, 7, 1;
L_0x1c493e0 .part L_0x1c4ecd0, 6, 1;
L_0x1c49690 .part L_0x1c4ecd0, 5, 1;
L_0x1c499a0 .part L_0x1c4ecd0, 4, 1;
L_0x1c49ba0 .part/pv L_0x1c4a160, 3, 1, 6;
L_0x1c49cd0 .part L_0x1c4ecd0, 7, 1;
L_0x1c49df0 .part L_0x1c4ecd0, 6, 1;
L_0x1c4a0c0 .part L_0x1c4ecd0, 5, 1;
L_0x1c4a430 .part L_0x1c4ecd0, 4, 1;
L_0x1c4a6c0 .part L_0x1c4ecd0, 3, 1;
L_0x1c4a580 .part/pv L_0x1c4b700, 4, 1, 6;
L_0x1c4a9a0 .part L_0x1c4ecd0, 7, 1;
L_0x1c4ab40 .part L_0x1c4ecd0, 6, 1;
L_0x1c4aeb0 .part L_0x1c4ecd0, 5, 1;
L_0x1c4b130 .part L_0x1c4ecd0, 4, 1;
L_0x1c4b3b0 .part L_0x1c4ecd0, 3, 1;
L_0x1c4b660 .part L_0x1c4ecd0, 2, 1;
L_0x1c4b520 .part/pv L_0x1c4c470, 5, 1, 6;
L_0x1c4b450 .part L_0x1c4ecd0, 7, 1;
L_0x1c4ba90 .part L_0x1c4ecd0, 6, 1;
L_0x1c4bd30 .part L_0x1c4ecd0, 5, 1;
L_0x1c4bfa0 .part L_0x1c4ecd0, 4, 1;
L_0x1c4c270 .part L_0x1c4ecd0, 3, 1;
L_0x1c4c500 .part L_0x1c4ecd0, 2, 1;
L_0x1c4c800 .part L_0x1c4ecd0, 1, 1;
L_0x1c4c6b0 .part L_0x1c4ecd0, 7, 1;
L_0x1c4c750 .part RS_0x7f08deaad4e8, 0, 1;
L_0x1c4cc10 .part RS_0x7f08deaad4e8, 1, 1;
L_0x1c4c990 .part RS_0x7f08deaad4e8, 2, 1;
L_0x1c4d060 .part L_0x1c4ecd0, 7, 1;
L_0x1c4cdc0 .part RS_0x7f08deaad4e8, 0, 1;
L_0x1c4cec0 .part RS_0x7f08deaad4e8, 4, 1;
L_0x1c4d100 .part RS_0x7f08deaad4e8, 3, 1;
L_0x1c4d2e0 .part L_0x1c4ecd0, 7, 1;
L_0x1c4d380 .part RS_0x7f08deaad4e8, 1, 1;
L_0x1c4d940 .part RS_0x7f08deaad4e8, 3, 1;
L_0x1c4d880 .part RS_0x7f08deaad4e8, 5, 1;
L_0x1c4dcf0 .part L_0x1c4ecd0, 7, 1;
L_0x1c4da30 .part L_0x1c4ecd0, 6, 1;
L_0x1c4df10 .part L_0x1c4ecd0, 5, 1;
L_0x1c4dde0 .part L_0x1c4ecd0, 4, 1;
L_0x1c4e6b0 .part L_0x1c4ecd0, 3, 1;
L_0x1c4e4d0 .part L_0x1c4ecd0, 2, 1;
L_0x1c4e8f0 .part L_0x1c4ecd0, 1, 1;
L_0x1c4e7f0 .part L_0x1c4ecd0, 0, 1;
    .scope S_0x1bd7300;
T_0 ;
    %movi 8, 4, 32;
    %cassign/v v0x1c338b0_0, 8, 32;
    %vpi_call 2 13 "$monitor", "d=%b,out=%b,A=%b", v0x1c338b0_0, v0x1c33960_0, v0x1c33810_0;
    %end;
    .thread T_0;
# The file index is used to find the file name in the following table.
:file_names 5;
    "N/A";
    "<interactive>";
    "pri_32tb.v";
    "./pri_enc32.v";
    "./pri_enc.v";
